GROUP,PACKAGE,CLASS,INSTRUCTION_MISSED,INSTRUCTION_COVERED,BRANCH_MISSED,BRANCH_COVERED,LINE_MISSED,LINE_COVERED,COMPLEXITY_MISSED,COMPLEXITY_COVERED,METHOD_MISSED,METHOD_COVERED
wechaty-puppet-padplus_2.12,wechaty.padplus.schemas,GrpcSchemas.GrpcMessagePayload,0,178,0,0,0,27,0,51,0,51
wechaty-puppet-padplus_2.12,wechaty.padplus.schemas,PadplusEnums.AutoLoginError.,22,0,0,0,3,0,4,0,4,0
wechaty-puppet-padplus_2.12,wechaty.padplus.schemas,ModelRoom.GrpcRoomPayload,220,0,0,0,33,0,63,0,63,0
wechaty-puppet-padplus_2.12,wechaty.padplus.schemas,GrpcSchemas.GrpcContactOperationOption,31,0,0,0,6,0,9,0,9,0
wechaty-puppet-padplus_2.12,wechaty.padplus.schemas,ModelRoom.PadplusRoomInvitationPayload,52,0,0,0,9,0,15,0,15,0
wechaty-puppet-padplus_2.12,wechaty.padplus.schemas,PadplusEnums.ContactOperationCmdId.,24,0,0,0,3,0,4,0,4,0
wechaty-puppet-padplus_2.12,wechaty.padplus.schemas,PadplusEnums.GrpcVoiceFormat.,40,0,0,0,5,0,6,0,6,0
wechaty-puppet-padplus_2.12,wechaty.padplus.schemas,ModelFriendship.FriendshipPayloadReceive,17,0,0,0,3,0,5,0,5,0
wechaty-puppet-padplus_2.12,wechaty.padplus.schemas,PadplusEnums.QrcodeStatus.,48,0,0,0,6,0,7,0,7,0
wechaty-puppet-padplus_2.12,wechaty.padplus.schemas,PadplusEnums.RequestStatus.,24,0,0,0,3,0,4,0,4,0
wechaty-puppet-padplus_2.12,wechaty.padplus.schemas,ModelEvent.RoomInviteEvent,52,0,0,0,9,0,15,0,15,0
wechaty-puppet-padplus_2.12,wechaty.padplus.schemas,GrpcSchemas.GrpcQrCodeStatus,31,0,0,0,6,0,9,0,9,0
wechaty-puppet-padplus_2.12,wechaty.padplus.schemas,ModelFriendship.,8,0,0,0,2,0,2,0,2,0
wechaty-puppet-padplus_2.12,wechaty.padplus.schemas,PadplusEnums.LoginStatus.,16,0,0,0,2,0,3,0,3,0
wechaty-puppet-padplus_2.12,wechaty.padplus.schemas,GrpcSchemas.GrpcQrCodeLogin,52,0,0,0,9,0,15,0,15,0
wechaty-puppet-padplus_2.12,wechaty.padplus.schemas,ModelFriendship.FriendshipPayloadConfirm,3,0,0,0,1,0,1,0,1,0
wechaty-puppet-padplus_2.12,wechaty.padplus.schemas,ModelRoom.PadplusRoomPayload,94,0,0,0,14,0,27,0,27,0
wechaty-puppet-padplus_2.12,wechaty.padplus.schemas,ModelRoom.PadplusRoomInviteEvent,52,0,0,0,9,0,15,0,15,0
wechaty-puppet-padplus_2.12,wechaty.padplus.schemas,GrpcSchemas.GrpcRoomRawPayload,108,0,0,0,17,0,31,0,31,0
wechaty-puppet-padplus_2.12,wechaty.padplus.schemas,ModelMessage.PadplusMessagePayload,0,150,0,0,0,23,0,43,0,43
wechaty-puppet-padplus_2.12,wechaty.padplus.schemas,GrpcSchemas.GrpcDeletedPayload,17,0,0,0,4,0,5,0,5,0
wechaty-puppet-padplus_2.12,wechaty.padplus.schemas,ModelContact.SetContactSelfInfoGrpcResponse,52,0,0,0,9,0,15,0,15,0
wechaty-puppet-padplus_2.12,wechaty.padplus.schemas,GrpcSchemas.GrpcGetCdnDnsPayload.snsCdn,38,0,2,0,6,0,10,0,9,0
wechaty-puppet-padplus_2.12,wechaty.padplus.schemas,PadplusEnums.PadplusRoomMemberFlag.,32,0,0,0,4,0,5,0,5,0
wechaty-puppet-padplus_2.12,wechaty.padplus.schemas,ModelMessage.,8,0,0,0,2,0,2,0,2,0
wechaty-puppet-padplus_2.12,wechaty.padplus.schemas,ModelMessage.PadplusLocationMessagePayload,59,0,0,0,10,0,17,0,17,0
wechaty-puppet-padplus_2.12,wechaty.padplus.schemas,ModelRoom.PadplusRoomMemberMap,10,0,0,0,3,0,3,0,3,0
wechaty-puppet-padplus_2.12,wechaty.padplus.schemas,ModelTag.TagOtherOperationsGrpcResponse,45,0,0,0,8,0,13,0,13,0
wechaty-puppet-padplus_2.12,wechaty.padplus.schemas,GrpcSchemas.GrpcGetA8KeyType,24,0,0,0,5,0,7,0,7,0
wechaty-puppet-padplus_2.12,wechaty.padplus.schemas,PadplusEnums.RoomAddTypeStatus.,32,0,0,0,4,0,5,0,5,0
wechaty-puppet-padplus_2.12,wechaty.padplus.schemas,GrpcSchemas.GrpcGetCdnDnsPayload.appCdn,38,0,2,0,6,0,10,0,9,0
wechaty-puppet-padplus_2.12,wechaty.padplus.schemas,PadplusEnums.PadplusMessageStatus.,16,0,0,0,2,0,3,0,3,0
wechaty-puppet-padplus_2.12,wechaty.padplus.schemas,ModelMessage.PadplusEmojiMessagePayload,38,0,0,0,7,0,11,0,11,0
wechaty-puppet-padplus_2.12,wechaty.padplus.schemas,ModelRoom.GrpcCreateRoomMember,17,0,0,0,4,0,5,0,5,0
wechaty-puppet-padplus_2.12,wechaty.padplus.schemas,GrpcSchemas.GrpcGetMsgVoiceType,10,0,0,0,3,0,3,0,3,0
wechaty-puppet-padplus_2.12,wechaty.padplus.schemas,ModelMessage.PadplusVideoMessagePayload,94,0,0,0,15,0,27,0,27,0
wechaty-puppet-padplus_2.12,wechaty.padplus.schemas,GrpcSchemas.GrpcQrCode,17,0,0,0,4,0,5,0,5,0
wechaty-puppet-padplus_2.12,wechaty.padplus.schemas,ModelMessage.PadplusRecalledMessagePayload,31,0,0,0,6,0,9,0,9,0
wechaty-puppet-padplus_2.12,wechaty.padplus.schemas,PadplusEnums.PadplusEmojiType.,32,0,0,0,4,0,5,0,5,0
wechaty-puppet-padplus_2.12,wechaty.padplus.schemas,GrpcSchemas.GrpcCreateRoomMemberPayload,17,0,0,0,4,0,5,0,5,0
wechaty-puppet-padplus_2.12,wechaty.padplus.schemas,PadplusEnums.PadplusAutoLoginErrorType.,50,0,0,0,7,0,8,0,8,0
wechaty-puppet-padplus_2.12,wechaty.padplus.schemas,ModelUser.,8,0,0,0,2,0,2,0,2,0
wechaty-puppet-padplus_2.12,wechaty.padplus.schemas,ModelRoom.,8,0,0,0,2,0,2,0,2,0
wechaty-puppet-padplus_2.12,wechaty.padplus.schemas,ModelFriendship.PadplusRequestTokenPayload,38,0,0,0,7,0,11,0,11,0
wechaty-puppet-padplus_2.12,wechaty.padplus.schemas,GrpcSchemas.GrpcRoomMemberDetail,52,0,0,0,9,0,15,0,15,0
wechaty-puppet-padplus_2.12,wechaty.padplus.schemas,GrpcSchemas.GrpcGetContactQrcodePayload,17,0,0,0,4,0,5,0,5,0
wechaty-puppet-padplus_2.12,wechaty.padplus.schemas,ModelUser.PadplusQrcodeLogin,45,0,0,0,8,0,13,0,13,0
wechaty-puppet-padplus_2.12,wechaty.padplus.schemas,ModelMessage.PadplusAppMessagePayload,66,0,0,0,11,0,19,0,19,0
wechaty-puppet-padplus_2.12,wechaty.padplus.schemas,PadplusEnums.GrpcMQType.,80,0,0,0,10,0,11,0,11,0
wechaty-puppet-padplus_2.12,wechaty.padplus.schemas,GrpcSchemas.GrpcRoomMemberRawPayload,24,0,0,0,5,0,7,0,7,0
wechaty-puppet-padplus_2.12,wechaty.padplus.schemas,PadplusError.PadplusError,9,0,0,0,1,0,2,0,2,0
wechaty-puppet-padplus_2.12,wechaty.padplus.schemas,PadplusEnums.ContactType.,32,0,0,0,4,0,5,0,5,0
wechaty-puppet-padplus_2.12,wechaty.padplus.schemas,ModelRoom.GrpcGetAnnouncementData,38,0,0,0,7,0,11,0,11,0
wechaty-puppet-padplus_2.12,wechaty.padplus.schemas,ModelFriendship.PadplusFriendshipPayload,38,0,0,0,7,0,11,0,11,0
wechaty-puppet-padplus_2.12,wechaty.padplus.schemas,ModelEvent.,8,0,0,0,2,0,2,0,2,0
wechaty-puppet-padplus_2.12,wechaty.padplus.schemas,ModelMessage.PadplusImageMessagePayload,115,0,0,0,18,0,33,0,33,0
wechaty-puppet-padplus_2.12,wechaty.padplus.schemas,ModelFriendship.FriendshipPayloadVerify,3,0,0,0,1,0,1,0,1,0
wechaty-puppet-padplus_2.12,wechaty.padplus.schemas,ModelTag.,8,0,0,0,2,0,2,0,2,0
wechaty-puppet-padplus_2.12,wechaty.padplus.schemas,PadplusEnums.PadplusContinue.,24,0,0,0,3,0,4,0,4,0
wechaty-puppet-padplus_2.12,wechaty.padplus.schemas,ModelContact.PadplusContactPayload,0,122,0,0,0,18,0,35,0,35
wechaty-puppet-padplus_2.12,wechaty.padplus.schemas,ModelMessage.PadplusAppAttachPayload,66,0,0,0,11,0,19,0,19,0
wechaty-puppet-padplus_2.12,wechaty.padplus.schemas,ModelTag.TagPayload,17,0,0,0,4,0,5,0,5,0
wechaty-puppet-padplus_2.12,wechaty.padplus.schemas,ModelUser.PadplusQrcodeStatus,31,0,0,0,6,0,9,0,9,0
wechaty-puppet-padplus_2.12,wechaty.padplus.schemas,PadplusEnums.ContactOperationBitVal.,64,0,0,0,8,0,9,0,9,0
wechaty-puppet-padplus_2.12,wechaty.padplus.schemas,PadplusEnums.SearchContactTypeStatus.,120,0,0,0,15,0,16,0,16,0
wechaty-puppet-padplus_2.12,wechaty.padplus.schemas,PadplusEnums.GrpcA8KeyScene.,40,0,0,0,5,0,6,0,6,0
wechaty-puppet-padplus_2.12,wechaty.padplus.schemas,ModelContact.ContactSelfUpdateInfo,31,0,0,0,6,0,9,0,9,0
wechaty-puppet-padplus_2.12,wechaty.padplus.schemas,PadplusEnums.CDNFileType.,48,0,0,0,6,0,7,0,7,0
wechaty-puppet-padplus_2.12,wechaty.padplus.schemas,GrpcSchemas.GrpcLoginDeviceInfo,73,0,0,0,12,0,21,0,21,0
wechaty-puppet-padplus_2.12,wechaty.padplus.schemas,ModelEvent.RoomLeaveEvent,31,0,0,0,6,0,9,0,9,0
wechaty-puppet-padplus_2.12,wechaty.padplus.schemas,ModelRoom.GrpcRoomMemberList,17,0,0,0,4,0,5,0,5,0
wechaty-puppet-padplus_2.12,wechaty.padplus.schemas,ModelRoom.GrpcAccpetRoomInvitation,73,0,0,0,12,0,21,0,21,0
wechaty-puppet-padplus_2.12,wechaty.padplus.schemas,PadplusEnums.PadplusPayloadType.,40,0,0,0,5,0,6,0,6,0
wechaty-puppet-padplus_2.12,wechaty.padplus.schemas,ModelContact.GrpcContactPayload,0,213,0,0,0,32,0,61,0,61
wechaty-puppet-padplus_2.12,wechaty.padplus.schemas,ModelFriendship.AddContactGrpcResponse,10,0,0,0,3,0,3,0,3,0
wechaty-puppet-padplus_2.12,wechaty.padplus.schemas,ModelUser.ScanData,45,0,0,0,8,0,13,0,13,0
wechaty-puppet-padplus_2.12,wechaty.padplus.schemas,ModelUser.PadplusQrcode,17,0,0,0,4,0,5,0,5,0
wechaty-puppet-padplus_2.12,wechaty.padplus.schemas,GrpcSchemas.,8,0,0,0,2,0,2,0,2,0
wechaty-puppet-padplus_2.12,wechaty.padplus.schemas,ModelTag.TagNewOrListGrpcResponse,52,0,0,0,9,0,15,0,15,0
wechaty-puppet-padplus_2.12,wechaty.padplus.schemas,ModelTag.TagGrpcPayload,17,0,0,0,4,0,5,0,5,0
wechaty-puppet-padplus_2.12,wechaty.padplus.schemas,PadplusEnums.FriendshipType.,40,0,0,0,5,0,6,0,6,0
wechaty-puppet-padplus_2.12,wechaty.padplus.schemas,PadplusError.,8,0,0,0,2,0,2,0,2,0
wechaty-puppet-padplus_2.12,wechaty.padplus.schemas,PadplusEnums.,8,0,0,0,2,0,2,0,2,0
wechaty-puppet-padplus_2.12,wechaty.padplus.schemas,GrpcSchemas.GrpcGetMsgImageType,10,0,0,0,3,0,3,0,3,0
wechaty-puppet-padplus_2.12,wechaty.padplus.schemas,PadplusEnums.GrpcSelfAvatarType.,24,0,0,0,3,0,4,0,4,0
wechaty-puppet-padplus_2.12,wechaty.padplus.schemas,ModelContact.ContactQrcodeGrpcResponse,59,0,0,0,10,0,17,0,17,0
wechaty-puppet-padplus_2.12,wechaty.padplus.schemas,GrpcSchemas.LoginDeviceInfo,66,0,0,0,11,0,19,0,19,0
wechaty-puppet-padplus_2.12,wechaty.padplus.schemas,ModelUser.GrpcLoginData,66,0,0,0,11,0,19,0,19,0
wechaty-puppet-padplus_2.12,wechaty.padplus.schemas,PadplusEnums.PadplusErrorType.,36,0,0,0,5,0,6,0,6,0
wechaty-puppet-padplus_2.12,wechaty.padplus.schemas,ModelMessage.PadplusRecallData,3,0,0,0,2,0,1,0,1,0
wechaty-puppet-padplus_2.12,wechaty.padplus.schemas,PadplusEnums.EncryptionServiceError.,22,0,0,0,3,0,4,0,4,0
wechaty-puppet-padplus_2.12,wechaty.padplus.schemas,ModelEvent.RoomTopicEvent,31,0,0,0,6,0,9,0,9,0
wechaty-puppet-padplus_2.12,wechaty.padplus.schemas,GrpcSchemas.GrpcGetCdnDnsPayload,10,0,0,0,3,0,3,0,3,0
wechaty-puppet-padplus_2.12,wechaty.padplus.schemas,GrpcSchemas.GrpcGetCdnDnsPayload.dnsCdn,38,0,2,0,6,0,10,0,9,0
wechaty-puppet-padplus_2.12,wechaty.padplus.schemas,PadplusEnums.PadplusMessageType.,0,200,0,0,0,25,0,26,0,26
wechaty-puppet-padplus_2.12,wechaty.padplus.schemas,ModelFriendship.FriendshipPayloadBase,31,0,0,0,6,0,9,0,9,0
wechaty-puppet-padplus_2.12,wechaty.padplus.schemas,PadplusEnums.WechatAppMessageType.,176,0,0,0,22,0,23,0,23,0
wechaty-puppet-padplus_2.12,wechaty.padplus.schemas,ModelRoom.GrpcCreateRoomData,31,0,0,0,6,0,9,0,9,0
wechaty-puppet-padplus_2.12,wechaty.padplus.schemas,ModelMessage.PadplusVoiceMessagePayload,73,0,0,0,12,0,21,0,21,0
wechaty-puppet-padplus_2.12,wechaty.padplus.schemas,ModelTag.TagNewOrListResponse,52,0,0,0,9,0,15,0,15,0
wechaty-puppet-padplus_2.12,wechaty.padplus.schemas,ModelUser.LogoutGrpcResponse,31,0,0,0,6,0,9,0,9,0
wechaty-puppet-padplus_2.12,wechaty.padplus.schemas,GrpcSchemas.GrpcSelfInfoPayload,80,0,0,0,13,0,23,0,23,0
wechaty-puppet-padplus_2.12,wechaty.padplus.schemas,ModelEvent.RoomJoinEvent,31,0,0,0,6,0,9,0,9,0
wechaty-puppet-padplus_2.12,wechaty.padplus.schemas,ModelRoom.PadplusMemberBrief,17,0,0,0,4,0,5,0,5,0
wechaty-puppet-padplus_2.12,wechaty.padplus.schemas,ModelContact.,8,0,0,0,2,0,2,0,2,0
wechaty-puppet-padplus_2.12,wechaty.padplus.schemas,GrpcSchemas.GrpcSelfAvatarPayload,52,0,0,0,9,0,15,0,15,0
wechaty-puppet-padplus_2.12,wechaty.padplus.schemas,ModelContact.GrpcDeleteContact,45,0,0,0,8,0,13,0,13,0
wechaty-puppet-padplus_2.12,wechaty.padplus.schemas,ModelContact.GrpcSearchContact,59,0,0,0,10,0,17,0,17,0
wechaty-puppet-padplus_2.12,wechaty.padplus.schemas,ModelMessage.PadplusMessageSource,31,0,0,0,6,0,9,0,9,0
wechaty-puppet-padplus_2.12,wechaty.padplus.schemas,GrpcSchemas.GRPC_CODE.,144,0,0,0,18,0,19,0,19,0
wechaty-puppet-padplus_2.12,wechaty.padplus.schemas,GrpcSchemas.GrpcCreateRoomPayload,17,0,0,0,4,0,5,0,5,0
wechaty-puppet-padplus_2.12,wechaty.padplus.schemas,PadplusEnums.CheckQRCodeStatus.,64,0,0,0,8,0,9,0,9,0
wechaty-puppet-padplus_2.12,wechaty.padplus.schemas,PadplusEnums.PadplusStatus.,16,0,0,0,2,0,3,0,3,0
wechaty-puppet-padplus_2.12,wechaty.padplus.schemas,ModelMessage.VideoContent,38,0,0,0,7,0,11,0,11,0
wechaty-puppet-padplus_2.12,wechaty.padplus.schemas,ModelMessage.PadplusUrlLink,31,0,0,0,6,0,9,0,9,0
wechaty-puppet-padplus_2.12,wechaty.padplus.schemas,ModelMessage.PadplusRichMediaData,73,0,0,0,12,0,21,0,21,0
wechaty-puppet-padplus_2.12,wechaty.padplus.schemas,ModelMessage.PadplusMediaData,38,0,0,0,7,0,11,0,11,0
wechaty-puppet-padplus_2.12,wechaty.padplus.schemas,ModelContact.GetContactSelfInfoGrpcResponse,0,143,0,0,0,22,0,41,0,41
wechaty-puppet-padplus_2.12,wechaty.padplus.schemas,ModelMessage.GrpcResponseMessageData,24,0,0,0,5,0,7,0,7,0
wechaty-puppet-padplus_2.12,wechaty.padplus.schemas,ModelRoom.GrpcSetAnnouncementData,24,0,0,0,5,0,7,0,7,0
wechaty-puppet-padplus_2.12,wechaty.padplus.schemas,ModelRoom.GrpcRoomMemberPayload,52,0,0,0,9,0,15,0,15,0
wechaty-puppet-padplus_2.12,wechaty.padplus.schemas,ModelMessage.MiniProgramParamsPayload,122,0,0,0,19,0,35,0,35,0
wechaty-puppet-padplus_2.12,wechaty.padplus.schemas,ModelRoom.PadplusRoomMemberPayload,45,0,0,0,8,0,13,0,13,0
wechaty-puppet-padplus_2.12,wechaty.padplus.schemas,PadplusEnums.MessageSendType.,24,0,0,0,3,0,4,0,4,0
wechaty-puppet-padplus_2.12,wechaty.padplus.schemas,PadplusEnums.CDNFileMd5Exist.,24,0,0,0,3,0,4,0,4,0
wechaty-puppet-padplus_2.12,wechaty.padplus.schemas,ModelMessage.PadplusRecallData.BaseResponse,24,0,2,0,4,0,6,0,5,0
wechaty-puppet-padplus_2.12,wechaty.padplus.internal,LocalStore,20,106,1,3,3,17,3,12,2,11
wechaty-puppet-padplus_2.12,wechaty.padplus.support,GrpcEventSupport,58,107,9,5,3,17,8,6,2,5
wechaty-puppet-padplus_2.12,wechaty.padplus.support,ContactRawSupport,156,232,36,6,14,48,27,8,6,8
wechaty-puppet-padplus_2.12,wechaty.padplus.support,LocalStoreSupport,122,114,2,2,11,14,11,8,9,8
wechaty-puppet-padplus_2.12,wechaty.padplus.support,GrpcSupport..anon.new StreamObserver() {...},35,30,4,2,2,6,4,3,1,3
wechaty-puppet-padplus_2.12,wechaty.padplus.support,PadplusHelper,311,31,88,2,23,5,49,3,4,3
wechaty-puppet-padplus_2.12,wechaty.padplus.support,CallbackHelper,82,0,0,0,0,0,19,0,19,0
wechaty-puppet-padplus_2.12,wechaty.padplus.support,RoomMemberRawSupport..anonfun.roomMemberPartialFunction.new Serializable() {...},129,0,6,0,13,0,8,0,5,0
wechaty-puppet-padplus_2.12,wechaty.padplus.support,MessageRawSupport..typecreator1.new TypeCreator() {...},0,51,0,0,0,1,0,2,0,2
wechaty-puppet-padplus_2.12,wechaty.padplus.support,ContactSelfRawSupport..typecreator1.new TypeCreator() {...},0,51,0,0,0,1,0,2,0,2
wechaty-puppet-padplus_2.12,wechaty.padplus.support,RoomRawSupport,97,1,0,0,26,1,11,1,11,1
wechaty-puppet-padplus_2.12,wechaty.padplus.support,GrpcSupport..typecreator2.new TypeCreator() {...},0,14,0,0,0,1,0,2,0,2
wechaty-puppet-padplus_2.12,wechaty.padplus.support,ContactRawSupport..anonfun.loginPartialFunction.new Serializable() {...},497,120,38,10,55,18,30,3,6,3
wechaty-puppet-padplus_2.12,wechaty.padplus.support,GrpcSupport..typecreator1.new TypeCreator() {...},0,70,0,0,0,1,0,2,0,2
wechaty-puppet-padplus_2.12,wechaty.padplus.support,GrpcSupport..typecreator1.new TypeCreator() {...},14,0,0,0,1,0,2,0,2,0
wechaty-puppet-padplus_2.12,wechaty.padplus.support,DisrutporSupport,1,82,1,1,0,15,1,5,0,5
wechaty-puppet-padplus_2.12,wechaty.padplus.support,MessageRawSupport..anonfun.messagePartialFunction.new Serializable() {...},68,11,5,1,7,1,5,1,2,1
wechaty-puppet-padplus_2.12,wechaty.padplus.support,CallbackHelper.,338,312,35,17,27,31,42,26,20,22
wechaty-puppet-padplus_2.12,wechaty.padplus.support,RoomMemberRawSupport..typecreator1.new TypeCreator() {...},51,0,0,0,1,0,2,0,2,0
wechaty-puppet-padplus_2.12,wechaty.padplus.support,RoomMemberRawSupport,193,0,2,0,31,0,12,0,11,0
wechaty-puppet-padplus_2.12,wechaty.padplus.support,DisrutporSupport.EventDef,2,22,1,1,0,4,1,5,0,5
wechaty-puppet-padplus_2.12,wechaty.padplus.support,ContactSelfRawSupport,12,107,0,0,4,21,4,3,4,3
wechaty-puppet-padplus_2.12,wechaty.padplus.support,DisrutporSupport..anon.new EventHandler() {...},3,40,2,2,0,3,2,2,0,2
wechaty-puppet-padplus_2.12,wechaty.padplus.support,DisrutporSupport..anon.new EventFactory() {...},2,14,1,1,0,2,1,2,0,2
wechaty-puppet-padplus_2.12,wechaty.padplus.support,DisrutporSupport..anon.new ExceptionHandler() {...},46,8,5,1,3,1,6,1,3,1
wechaty-puppet-padplus_2.12,wechaty.padplus.support,MessageRawSupport,229,182,31,1,41,33,28,5,12,5
wechaty-puppet-padplus_2.12,wechaty.padplus.support,GrpcSupport,256,623,30,28,25,83,29,22,5,17
wechaty-puppet-padplus_2.12,wechaty.padplus,Configuration,6,0,0,0,0,0,2,0,2,0
wechaty-puppet-padplus_2.12,wechaty.padplus,PuppetPadplus..anonfun.sysPartialFunction.new Serializable() {...},17,33,3,3,0,3,3,3,1,2
wechaty-puppet-padplus_2.12,wechaty.padplus,PuppetPadplus.,10,0,0,0,1,0,3,0,3,0
wechaty-puppet-padplus_2.12,wechaty.padplus,PuppetPadplus,359,482,4,6,20,18,97,91,93,90
wechaty-puppet-padplus_2.12,wechaty.padplus,TestMain,4,0,0,0,0,0,1,0,1,0
wechaty-puppet-padplus_2.12,wechaty.padplus,TestMain.,71,0,4,0,9,0,7,0,5,0
wechaty-puppet-padplus_2.12,wechaty.padplus,Configuration.,116,0,12,0,10,0,12,0,6,0
wechaty-puppet-padplus_2.12,wechaty.padplus.grpc,PadPlusServerOuterClass.ResponseObject,239,185,30,17,65,60,42,19,22,15
wechaty-puppet-padplus_2.12,wechaty.padplus.grpc,PadPlusServerGrpc,49,91,6,6,16,32,7,5,3,3
wechaty-puppet-padplus_2.12,wechaty.padplus.grpc,PadPlusServerOuterClass.InitConfig.new AbstractParser() {...},0,10,0,0,0,2,0,2,0,2
wechaty-puppet-padplus_2.12,wechaty.padplus.grpc,PadPlusServerOuterClass.ResponseObject.new AbstractParser() {...},0,10,0,0,0,2,0,2,0,2
wechaty-puppet-padplus_2.12,wechaty.padplus.grpc,PadPlusServerOuterClass,4,119,0,0,3,13,2,2,2,2
wechaty-puppet-padplus_2.12,wechaty.padplus.grpc,PadPlusServerOuterClass.ApiType,80,421,33,4,36,49,35,10,3,7
wechaty-puppet-padplus_2.12,wechaty.padplus.grpc,PadPlusServerOuterClass.InitConfig.Builder,241,66,24,4,71,23,37,5,23,5
wechaty-puppet-padplus_2.12,wechaty.padplus.grpc,PadPlusServerGrpc.MethodHandlers,38,0,3,0,13,0,5,0,3,0
wechaty-puppet-padplus_2.12,wechaty.padplus.grpc,PadPlusServerGrpc.PadPlusServerBaseDescriptorSupplier,7,3,0,0,2,1,2,1,2,1
wechaty-puppet-padplus_2.12,wechaty.padplus.grpc,PadPlusServerOuterClass.RequestObject,501,524,89,63,131,147,81,49,26,25
wechaty-puppet-padplus_2.12,wechaty.padplus.grpc,PadPlusServerOuterClass.ApiType.new Internal.EnumLiteMap() {...},3,3,0,0,1,1,1,1,1,1
wechaty-puppet-padplus_2.12,wechaty.padplus.grpc,PadPlusServerGrpc.PadPlusServerMethodDescriptorSupplier,6,6,0,0,1,3,1,1,1,1
wechaty-puppet-padplus_2.12,wechaty.padplus.grpc,PadPlusServerOuterClass.StreamResponse,530,372,90,41,138,108,84,32,26,22
wechaty-puppet-padplus_2.12,wechaty.padplus.grpc,PadPlusServerOuterClass.StreamResponse.Builder,682,153,77,11,196,47,86,8,43,7
wechaty-puppet-padplus_2.12,wechaty.padplus.grpc,PadPlusServerGrpc.PadPlusServerImplBase,31,0,0,0,13,0,4,0,4,0
wechaty-puppet-padplus_2.12,wechaty.padplus.grpc,PadPlusServerGrpc.PadPlusServerStub,16,15,0,0,4,5,2,2,2,2
wechaty-puppet-padplus_2.12,wechaty.padplus.grpc,PadPlusServerOuterClass.ResponseType,72,377,29,4,32,45,31,10,3,7
wechaty-puppet-padplus_2.12,wechaty.padplus.grpc,PadPlusServerOuterClass.RequestObject.new AbstractParser() {...},0,10,0,0,0,2,0,2,0,2
wechaty-puppet-padplus_2.12,wechaty.padplus.grpc,PadPlusServerOuterClass.StreamResponse.new AbstractParser() {...},0,10,0,0,0,2,0,2,0,2
wechaty-puppet-padplus_2.12,wechaty.padplus.grpc,PadPlusServerGrpc.PadPlusServerFileDescriptorSupplier,3,0,0,0,1,0,1,0,1,0
wechaty-puppet-padplus_2.12,wechaty.padplus.grpc,PadPlusServerOuterClass.ResponseObject.Builder,241,66,24,4,71,23,37,5,23,5
wechaty-puppet-padplus_2.12,wechaty.padplus.grpc,PadPlusServerOuterClass.ResponseType.new Internal.EnumLiteMap() {...},3,3,0,0,1,1,1,1,1,1
wechaty-puppet-padplus_2.12,wechaty.padplus.grpc,PadPlusServerGrpc.PadPlusServerBlockingStub,28,0,0,0,7,0,4,0,4,0
wechaty-puppet-padplus_2.12,wechaty.padplus.grpc,PadPlusServerGrpc.new AbstractStub.StubFactory() {...},0,10,0,0,0,2,0,2,0,2
wechaty-puppet-padplus_2.12,wechaty.padplus.grpc,PadPlusServerGrpc.new AbstractStub.StubFactory() {...},10,0,0,0,2,0,2,0,2,0
wechaty-puppet-padplus_2.12,wechaty.padplus.grpc,PadPlusServerGrpc.new AbstractStub.StubFactory() {...},10,0,0,0,2,0,2,0,2,0
wechaty-puppet-padplus_2.12,wechaty.padplus.grpc,PadPlusServerOuterClass.RequestObject.Builder,758,222,86,18,217,68,94,14,46,10
wechaty-puppet-padplus_2.12,wechaty.padplus.grpc,PadPlusServerGrpc.PadPlusServerFutureStub,20,0,0,0,5,0,3,0,3,0
wechaty-puppet-padplus_2.12,wechaty.padplus.grpc,PadPlusServerOuterClass.InitConfig,242,182,31,16,66,59,43,18,22,15
