<?xml version="1.0" encoding="UTF-8" standalone="yes"?><!DOCTYPE report PUBLIC "-//JACOCO//DTD Report 1.1//EN" "report.dtd"><report name="wechaty-puppet-padplus_2.12"><sessioninfo id="fv-az54-c9b433dd" start="1593512056724" dump="1593512058496"/><sessioninfo id="fv-az54-5d501fba" start="1593512129954" dump="1593512131667"/><sessioninfo id="fv-az54-96430a3c" start="1593512301596" dump="1593512303310"/><package name="wechaty/padplus/schemas"><class name="wechaty/padplus/schemas/GrpcSchemas$GrpcMessagePayload" sourcefilename="GrpcSchemas.scala"><method name="AppMsgType" desc="()Ljava/lang/Number;" line="32"><counter type="INSTRUCTION" missed="3" covered="0"/><counter type="LINE" missed="1" covered="0"/><counter type="COMPLEXITY" missed="1" covered="0"/><counter type="METHOD" missed="1" covered="0"/></method><method name="AppMsgType_$eq" desc="(Ljava/lang/Number;)V" line="32"><counter type="INSTRUCTION" missed="4" covered="0"/><counter type="LINE" missed="1" covered="0"/><counter type="COMPLEXITY" missed="1" covered="0"/><counter type="METHOD" missed="1" covered="0"/></method><method name="Content" desc="()Ljava/lang/String;" line="33"><counter type="INSTRUCTION" missed="3" covered="0"/><counter type="LINE" missed="1" covered="0"/><counter type="COMPLEXITY" missed="1" covered="0"/><counter type="METHOD" missed="1" covered="0"/></method><method name="Content_$eq" desc="(Ljava/lang/String;)V" line="33"><counter type="INSTRUCTION" missed="4" covered="0"/><counter type="LINE" missed="1" covered="0"/><counter type="COMPLEXITY" missed="1" covered="0"/><counter type="METHOD" missed="1" covered="0"/></method><method name="CreateTime" desc="()Ljava/lang/Number;" line="34"><counter type="INSTRUCTION" missed="3" covered="0"/><counter type="LINE" missed="1" covered="0"/><counter type="COMPLEXITY" missed="1" covered="0"/><counter type="METHOD" missed="1" covered="0"/></method><method name="CreateTime_$eq" desc="(Ljava/lang/Number;)V" line="34"><counter type="INSTRUCTION" missed="4" covered="0"/><counter type="LINE" missed="1" covered="0"/><counter type="COMPLEXITY" missed="1" covered="0"/><counter type="METHOD" missed="1" covered="0"/></method><method name="fileName" desc="()Ljava/lang/String;" line="35"><counter type="INSTRUCTION" missed="3" covered="0"/><counter type="LINE" missed="1" covered="0"/><counter type="COMPLEXITY" missed="1" covered="0"/><counter type="METHOD" missed="1" covered="0"/></method><method name="fileName_$eq" desc="(Ljava/lang/String;)V" line="35"><counter type="INSTRUCTION" missed="4" covered="0"/><counter type="LINE" missed="1" covered="0"/><counter type="COMPLEXITY" missed="1" covered="0"/><counter type="METHOD" missed="1" covered="0"/></method><method name="FileName" desc="()Ljava/lang/String;" line="36"><counter type="INSTRUCTION" missed="3" covered="0"/><counter type="LINE" missed="1" covered="0"/><counter type="COMPLEXITY" missed="1" covered="0"/><counter type="METHOD" missed="1" covered="0"/></method><method name="FileName_$eq" desc="(Ljava/lang/String;)V" line="36"><counter type="INSTRUCTION" missed="4" covered="0"/><counter type="LINE" missed="1" covered="0"/><counter type="COMPLEXITY" missed="1" covered="0"/><counter type="METHOD" missed="1" covered="0"/></method><method name="fromMemberNickName" desc="()Ljava/lang/String;" line="37"><counter type="INSTRUCTION" missed="3" covered="0"/><counter type="LINE" missed="1" covered="0"/><counter type="COMPLEXITY" missed="1" covered="0"/><counter type="METHOD" missed="1" covered="0"/></method><method name="fromMemberNickName_$eq" desc="(Ljava/lang/String;)V" line="37"><counter type="INSTRUCTION" missed="4" covered="0"/><counter type="LINE" missed="1" covered="0"/><counter type="COMPLEXITY" missed="1" covered="0"/><counter type="METHOD" missed="1" covered="0"/></method><method name="FromMemberNickName" desc="()Ljava/lang/String;" line="38"><counter type="INSTRUCTION" missed="3" covered="0"/><counter type="LINE" missed="1" covered="0"/><counter type="COMPLEXITY" missed="1" covered="0"/><counter type="METHOD" missed="1" covered="0"/></method><method name="FromMemberNickName_$eq" desc="(Ljava/lang/String;)V" line="38"><counter type="INSTRUCTION" missed="4" covered="0"/><counter type="LINE" missed="1" covered="0"/><counter type="COMPLEXITY" missed="1" covered="0"/><counter type="METHOD" missed="1" covered="0"/></method><method name="FromMemberUserName" desc="()Ljava/lang/String;" line="39"><counter type="INSTRUCTION" missed="3" covered="0"/><counter type="LINE" missed="1" covered="0"/><counter type="COMPLEXITY" missed="1" covered="0"/><counter type="METHOD" missed="1" covered="0"/></method><method name="FromMemberUserName_$eq" desc="(Ljava/lang/String;)V" line="39"><counter type="INSTRUCTION" missed="4" covered="0"/><counter type="LINE" missed="1" covered="0"/><counter type="COMPLEXITY" missed="1" covered="0"/><counter type="METHOD" missed="1" covered="0"/></method><method name="fromMemberUserName" desc="()Ljava/lang/String;" line="40"><counter type="INSTRUCTION" missed="3" covered="0"/><counter type="LINE" missed="1" covered="0"/><counter type="COMPLEXITY" missed="1" covered="0"/><counter type="METHOD" missed="1" covered="0"/></method><method name="fromMemberUserName_$eq" desc="(Ljava/lang/String;)V" line="40"><counter type="INSTRUCTION" missed="4" covered="0"/><counter type="LINE" missed="1" covered="0"/><counter type="COMPLEXITY" missed="1" covered="0"/><counter type="METHOD" missed="1" covered="0"/></method><method name="FromUserName" desc="()Ljava/lang/String;" line="41"><counter type="INSTRUCTION" missed="3" covered="0"/><counter type="LINE" missed="1" covered="0"/><counter type="COMPLEXITY" missed="1" covered="0"/><counter type="METHOD" missed="1" covered="0"/></method><method name="FromUserName_$eq" desc="(Ljava/lang/String;)V" line="41"><counter type="INSTRUCTION" missed="4" covered="0"/><counter type="LINE" missed="1" covered="0"/><counter type="COMPLEXITY" missed="1" covered="0"/><counter type="METHOD" missed="1" covered="0"/></method><method name="ImgBuf" desc="()Ljava/lang/String;" line="42"><counter type="INSTRUCTION" missed="3" covered="0"/><counter type="LINE" missed="1" covered="0"/><counter type="COMPLEXITY" missed="1" covered="0"/><counter type="METHOD" missed="1" covered="0"/></method><method name="ImgBuf_$eq" desc="(Ljava/lang/String;)V" line="42"><counter type="INSTRUCTION" missed="4" covered="0"/><counter type="LINE" missed="1" covered="0"/><counter type="COMPLEXITY" missed="1" covered="0"/><counter type="METHOD" missed="1" covered="0"/></method><method name="ImgStatus" desc="()Ljava/lang/Number;" line="43"><counter type="INSTRUCTION" missed="3" covered="0"/><counter type="LINE" missed="1" covered="0"/><counter type="COMPLEXITY" missed="1" covered="0"/><counter type="METHOD" missed="1" covered="0"/></method><method name="ImgStatus_$eq" desc="(Ljava/lang/Number;)V" line="43"><counter type="INSTRUCTION" missed="4" covered="0"/><counter type="LINE" missed="1" covered="0"/><counter type="COMPLEXITY" missed="1" covered="0"/><counter type="METHOD" missed="1" covered="0"/></method><method name="L1MsgType" desc="()Ljava/lang/Number;" line="44"><counter type="INSTRUCTION" missed="3" covered="0"/><counter type="LINE" missed="1" covered="0"/><counter type="COMPLEXITY" missed="1" covered="0"/><counter type="METHOD" missed="1" covered="0"/></method><method name="L1MsgType_$eq" desc="(Ljava/lang/Number;)V" line="44"><counter type="INSTRUCTION" missed="4" covered="0"/><counter type="LINE" missed="1" covered="0"/><counter type="COMPLEXITY" missed="1" covered="0"/><counter type="METHOD" missed="1" covered="0"/></method><method name="MsgId" desc="()Ljava/lang/String;" line="45"><counter type="INSTRUCTION" missed="3" covered="0"/><counter type="LINE" missed="1" covered="0"/><counter type="COMPLEXITY" missed="1" covered="0"/><counter type="METHOD" missed="1" covered="0"/></method><method name="MsgId_$eq" desc="(Ljava/lang/String;)V" line="45"><counter type="INSTRUCTION" missed="4" covered="0"/><counter type="LINE" missed="1" covered="0"/><counter type="COMPLEXITY" missed="1" covered="0"/><counter type="METHOD" missed="1" covered="0"/></method><method name="MsgSource" desc="()Ljava/lang/String;" line="46"><counter type="INSTRUCTION" missed="3" covered="0"/><counter type="LINE" missed="1" covered="0"/><counter type="COMPLEXITY" missed="1" covered="0"/><counter type="METHOD" missed="1" covered="0"/></method><method name="MsgSource_$eq" desc="(Ljava/lang/String;)V" line="46"><counter type="INSTRUCTION" missed="4" covered="0"/><counter type="LINE" missed="1" covered="0"/><counter type="COMPLEXITY" missed="1" covered="0"/><counter type="METHOD" missed="1" covered="0"/></method><method name="msgSourceCd" desc="()Ljava/lang/Number;" line="47"><counter type="INSTRUCTION" missed="3" covered="0"/><counter type="LINE" missed="1" covered="0"/><counter type="COMPLEXITY" missed="1" covered="0"/><counter type="METHOD" missed="1" covered="0"/></method><method name="msgSourceCd_$eq" desc="(Ljava/lang/Number;)V" line="47"><counter type="INSTRUCTION" missed="4" covered="0"/><counter type="LINE" missed="1" covered="0"/><counter type="COMPLEXITY" missed="1" covered="0"/><counter type="METHOD" missed="1" covered="0"/></method><method name="MsgType" desc="()I" line="48"><counter type="INSTRUCTION" missed="3" covered="0"/><counter type="LINE" missed="1" covered="0"/><counter type="COMPLEXITY" missed="1" covered="0"/><counter type="METHOD" missed="1" covered="0"/></method><method name="MsgType_$eq" desc="(I)V" line="48"><counter type="INSTRUCTION" missed="4" covered="0"/><counter type="LINE" missed="1" covered="0"/><counter type="COMPLEXITY" missed="1" covered="0"/><counter type="METHOD" missed="1" covered="0"/></method><method name="NewMsgId" desc="()Ljava/lang/Number;" line="49"><counter type="INSTRUCTION" missed="3" covered="0"/><counter type="LINE" missed="1" covered="0"/><counter type="COMPLEXITY" missed="1" covered="0"/><counter type="METHOD" missed="1" covered="0"/></method><method name="NewMsgId_$eq" desc="(Ljava/lang/Number;)V" line="49"><counter type="INSTRUCTION" missed="4" covered="0"/><counter type="LINE" missed="1" covered="0"/><counter type="COMPLEXITY" missed="1" covered="0"/><counter type="METHOD" missed="1" covered="0"/></method><method name="PushContent" desc="()Ljava/lang/String;" line="50"><counter type="INSTRUCTION" missed="3" covered="0"/><counter type="LINE" missed="1" covered="0"/><counter type="COMPLEXITY" missed="1" covered="0"/><counter type="METHOD" missed="1" covered="0"/></method><method name="PushContent_$eq" desc="(Ljava/lang/String;)V" line="50"><counter type="INSTRUCTION" missed="4" covered="0"/><counter type="LINE" missed="1" covered="0"/><counter type="COMPLEXITY" missed="1" covered="0"/><counter type="METHOD" missed="1" covered="0"/></method><method name="Status" desc="()Ljava/lang/Number;" line="51"><counter type="INSTRUCTION" missed="3" covered="0"/><counter type="LINE" missed="1" covered="0"/><counter type="COMPLEXITY" missed="1" covered="0"/><counter type="METHOD" missed="1" covered="0"/></method><method name="Status_$eq" desc="(Ljava/lang/Number;)V" line="51"><counter type="INSTRUCTION" missed="4" covered="0"/><counter type="LINE" missed="1" covered="0"/><counter type="COMPLEXITY" missed="1" covered="0"/><counter type="METHOD" missed="1" covered="0"/></method><method name="ToUserName" desc="()Ljava/lang/String;" line="52"><counter type="INSTRUCTION" missed="3" covered="0"/><counter type="LINE" missed="1" covered="0"/><counter type="COMPLEXITY" missed="1" covered="0"/><counter type="METHOD" missed="1" covered="0"/></method><method name="ToUserName_$eq" desc="(Ljava/lang/String;)V" line="52"><counter type="INSTRUCTION" missed="4" covered="0"/><counter type="LINE" missed="1" covered="0"/><counter type="COMPLEXITY" missed="1" covered="0"/><counter type="METHOD" missed="1" covered="0"/></method><method name="Uin" desc="()Ljava/lang/String;" line="53"><counter type="INSTRUCTION" missed="3" covered="0"/><counter type="LINE" missed="1" covered="0"/><counter type="COMPLEXITY" missed="1" covered="0"/><counter type="METHOD" missed="1" covered="0"/></method><method name="Uin_$eq" desc="(Ljava/lang/String;)V" line="53"><counter type="INSTRUCTION" missed="4" covered="0"/><counter type="LINE" missed="1" covered="0"/><counter type="COMPLEXITY" missed="1" covered="0"/><counter type="METHOD" missed="1" covered="0"/></method><method name="Url" desc="()Ljava/lang/String;" line="54"><counter type="INSTRUCTION" missed="3" covered="0"/><counter type="LINE" missed="1" covered="0"/><counter type="COMPLEXITY" missed="1" covered="0"/><counter type="METHOD" missed="1" covered="0"/></method><method name="Url_$eq" desc="(Ljava/lang/String;)V" line="54"><counter type="INSTRUCTION" missed="4" covered="0"/><counter type="LINE" missed="1" covered="0"/><counter type="COMPLEXITY" missed="1" covered="0"/><counter type="METHOD" missed="1" covered="0"/></method><method name="url" desc="()Ljava/lang/String;" line="55"><counter type="INSTRUCTION" missed="3" covered="0"/><counter type="LINE" missed="1" covered="0"/><counter type="COMPLEXITY" missed="1" covered="0"/><counter type="METHOD" missed="1" covered="0"/></method><method name="url_$eq" desc="(Ljava/lang/String;)V" line="55"><counter type="INSTRUCTION" missed="4" covered="0"/><counter type="LINE" missed="1" covered="0"/><counter type="COMPLEXITY" missed="1" covered="0"/><counter type="METHOD" missed="1" covered="0"/></method><method name="wechatUserName" desc="()Ljava/lang/String;" line="56"><counter type="INSTRUCTION" missed="3" covered="0"/><counter type="LINE" missed="1" covered="0"/><counter type="COMPLEXITY" missed="1" covered="0"/><counter type="METHOD" missed="1" covered="0"/></method><method name="wechatUserName_$eq" desc="(Ljava/lang/String;)V" line="56"><counter type="INSTRUCTION" missed="4" covered="0"/><counter type="LINE" missed="1" covered="0"/><counter type="COMPLEXITY" missed="1" covered="0"/><counter type="METHOD" missed="1" covered="0"/></method><method name="&lt;init&gt;" desc="()V" line="31"><counter type="INSTRUCTION" missed="3" covered="0"/><counter type="LINE" missed="2" covered="0"/><counter type="COMPLEXITY" missed="1" covered="0"/><counter type="METHOD" missed="1" covered="0"/></method><counter type="INSTRUCTION" missed="178" covered="0"/><counter type="LINE" missed="27" covered="0"/><counter type="COMPLEXITY" missed="51" covered="0"/><counter type="METHOD" missed="51" covered="0"/><counter type="CLASS" missed="1" covered="0"/></class><class name="wechaty/padplus/schemas/PadplusEnums$AutoLoginError$" sourcefilename="PadplusEnums.scala"><method name="&lt;clinit&gt;" desc="()V"><counter type="INSTRUCTION" missed="3" covered="0"/><counter type="COMPLEXITY" missed="1" covered="0"/><counter type="METHOD" missed="1" covered="0"/></method><method name="CALL_FAILED" desc="()Lscala/Enumeration$Value;" line="233"><counter type="INSTRUCTION" missed="3" covered="0"/><counter type="LINE" missed="1" covered="0"/><counter type="COMPLEXITY" missed="1" covered="0"/><counter type="METHOD" missed="1" covered="0"/></method><method name="LOGIN_ERROR" desc="()Lscala/Enumeration$Value;" line="234"><counter type="INSTRUCTION" missed="3" covered="0"/><counter type="LINE" missed="1" covered="0"/><counter type="COMPLEXITY" missed="1" covered="0"/><counter type="METHOD" missed="1" covered="0"/></method><method name="&lt;init&gt;" desc="()V" line="231"><counter type="INSTRUCTION" missed="13" covered="0"/><counter type="LINE" missed="3" covered="0"/><counter type="COMPLEXITY" missed="1" covered="0"/><counter type="METHOD" missed="1" covered="0"/></method><counter type="INSTRUCTION" missed="22" covered="0"/><counter type="LINE" missed="3" covered="0"/><counter type="COMPLEXITY" missed="4" covered="0"/><counter type="METHOD" missed="4" covered="0"/><counter type="CLASS" missed="1" covered="0"/></class><class name="wechaty/padplus/schemas/ModelRoom$GrpcAccpetRoomInvitation" sourcefilename="ModelRoom.scala"><method name="chatRoomType" desc="()Ljava/lang/String;" line="133"><counter type="INSTRUCTION" missed="3" covered="0"/><counter type="LINE" missed="1" covered="0"/><counter type="COMPLEXITY" missed="1" covered="0"/><counter type="METHOD" missed="1" covered="0"/></method><method name="chatRoomType_$eq" desc="(Ljava/lang/String;)V" line="133"><counter type="INSTRUCTION" missed="4" covered="0"/><counter type="LINE" missed="1" covered="0"/><counter type="COMPLEXITY" missed="1" covered="0"/><counter type="METHOD" missed="1" covered="0"/></method><method name="cmdid" desc="()Ljava/lang/String;" line="134"><counter type="INSTRUCTION" missed="3" covered="0"/><counter type="LINE" missed="1" covered="0"/><counter type="COMPLEXITY" missed="1" covered="0"/><counter type="METHOD" missed="1" covered="0"/></method><method name="cmdid_$eq" desc="(Ljava/lang/String;)V" line="134"><counter type="INSTRUCTION" missed="4" covered="0"/><counter type="LINE" missed="1" covered="0"/><counter type="COMPLEXITY" missed="1" covered="0"/><counter type="METHOD" missed="1" covered="0"/></method><method name="inviteDetailUrl" desc="()Ljava/lang/String;" line="135"><counter type="INSTRUCTION" missed="3" covered="0"/><counter type="LINE" missed="1" covered="0"/><counter type="COMPLEXITY" missed="1" covered="0"/><counter type="METHOD" missed="1" covered="0"/></method><method name="inviteDetailUrl_$eq" desc="(Ljava/lang/String;)V" line="135"><counter type="INSTRUCTION" missed="4" covered="0"/><counter type="LINE" missed="1" covered="0"/><counter type="COMPLEXITY" missed="1" covered="0"/><counter type="METHOD" missed="1" covered="0"/></method><method name="inviteFrom" desc="()Ljava/lang/String;" line="136"><counter type="INSTRUCTION" missed="3" covered="0"/><counter type="LINE" missed="1" covered="0"/><counter type="COMPLEXITY" missed="1" covered="0"/><counter type="METHOD" missed="1" covered="0"/></method><method name="inviteFrom_$eq" desc="(Ljava/lang/String;)V" line="136"><counter type="INSTRUCTION" missed="4" covered="0"/><counter type="LINE" missed="1" covered="0"/><counter type="COMPLEXITY" missed="1" covered="0"/><counter type="METHOD" missed="1" covered="0"/></method><method name="inviteUrl" desc="()Ljava/lang/String;" line="137"><counter type="INSTRUCTION" missed="3" covered="0"/><counter type="LINE" missed="1" covered="0"/><counter type="COMPLEXITY" missed="1" covered="0"/><counter type="METHOD" missed="1" covered="0"/></method><method name="inviteUrl_$eq" desc="(Ljava/lang/String;)V" line="137"><counter type="INSTRUCTION" missed="4" covered="0"/><counter type="LINE" missed="1" covered="0"/><counter type="COMPLEXITY" missed="1" covered="0"/><counter type="METHOD" missed="1" covered="0"/></method><method name="loginer" desc="()Ljava/lang/String;" line="138"><counter type="INSTRUCTION" missed="3" covered="0"/><counter type="LINE" missed="1" covered="0"/><counter type="COMPLEXITY" missed="1" covered="0"/><counter type="METHOD" missed="1" covered="0"/></method><method name="loginer_$eq" desc="(Ljava/lang/String;)V" line="138"><counter type="INSTRUCTION" missed="4" covered="0"/><counter type="LINE" missed="1" covered="0"/><counter type="COMPLEXITY" missed="1" covered="0"/><counter type="METHOD" missed="1" covered="0"/></method><method name="queueName" desc="()Ljava/lang/String;" line="139"><counter type="INSTRUCTION" missed="3" covered="0"/><counter type="LINE" missed="1" covered="0"/><counter type="COMPLEXITY" missed="1" covered="0"/><counter type="METHOD" missed="1" covered="0"/></method><method name="queueName_$eq" desc="(Ljava/lang/String;)V" line="139"><counter type="INSTRUCTION" missed="4" covered="0"/><counter type="LINE" missed="1" covered="0"/><counter type="COMPLEXITY" missed="1" covered="0"/><counter type="METHOD" missed="1" covered="0"/></method><method name="source" desc="()Ljava/lang/String;" line="140"><counter type="INSTRUCTION" missed="3" covered="0"/><counter type="LINE" missed="1" covered="0"/><counter type="COMPLEXITY" missed="1" covered="0"/><counter type="METHOD" missed="1" covered="0"/></method><method name="source_$eq" desc="(Ljava/lang/String;)V" line="140"><counter type="INSTRUCTION" missed="4" covered="0"/><counter type="LINE" missed="1" covered="0"/><counter type="COMPLEXITY" missed="1" covered="0"/><counter type="METHOD" missed="1" covered="0"/></method><method name="uin" desc="()Ljava/lang/String;" line="141"><counter type="INSTRUCTION" missed="3" covered="0"/><counter type="LINE" missed="1" covered="0"/><counter type="COMPLEXITY" missed="1" covered="0"/><counter type="METHOD" missed="1" covered="0"/></method><method name="uin_$eq" desc="(Ljava/lang/String;)V" line="141"><counter type="INSTRUCTION" missed="4" covered="0"/><counter type="LINE" missed="1" covered="0"/><counter type="COMPLEXITY" missed="1" covered="0"/><counter type="METHOD" missed="1" covered="0"/></method><method name="userName" desc="()Ljava/lang/String;" line="142"><counter type="INSTRUCTION" missed="3" covered="0"/><counter type="LINE" missed="1" covered="0"/><counter type="COMPLEXITY" missed="1" covered="0"/><counter type="METHOD" missed="1" covered="0"/></method><method name="userName_$eq" desc="(Ljava/lang/String;)V" line="142"><counter type="INSTRUCTION" missed="4" covered="0"/><counter type="LINE" missed="1" covered="0"/><counter type="COMPLEXITY" missed="1" covered="0"/><counter type="METHOD" missed="1" covered="0"/></method><method name="&lt;init&gt;" desc="()V" line="132"><counter type="INSTRUCTION" missed="3" covered="0"/><counter type="LINE" missed="2" covered="0"/><counter type="COMPLEXITY" missed="1" covered="0"/><counter type="METHOD" missed="1" covered="0"/></method><counter type="INSTRUCTION" missed="73" covered="0"/><counter type="LINE" missed="12" covered="0"/><counter type="COMPLEXITY" missed="21" covered="0"/><counter type="METHOD" missed="21" covered="0"/><counter type="CLASS" missed="1" covered="0"/></class><class name="wechaty/padplus/schemas/GrpcSchemas" sourcefilename="GrpcSchemas.scala"/><class name="wechaty/padplus/schemas/PadplusEnums$PadplusPayloadType$" sourcefilename="PadplusEnums.scala"><method name="&lt;clinit&gt;" desc="()V"><counter type="INSTRUCTION" missed="3" covered="0"/><counter type="COMPLEXITY" missed="1" covered="0"/><counter type="METHOD" missed="1" covered="0"/></method><method name="ExpirePadplusToken" desc="()Lscala/Enumeration$Value;" line="102"><counter type="INSTRUCTION" missed="3" covered="0"/><counter type="LINE" missed="1" covered="0"/><counter type="COMPLEXITY" missed="1" covered="0"/><counter type="METHOD" missed="1" covered="0"/></method><method name="InvalidPadplusToken" desc="()Lscala/Enumeration$Value;" line="103"><counter type="INSTRUCTION" missed="3" covered="0"/><counter type="LINE" missed="1" covered="0"/><counter type="COMPLEXITY" missed="1" covered="0"/><counter type="METHOD" missed="1" covered="0"/></method><method name="Logout" desc="()Lscala/Enumeration$Value;" line="104"><counter type="INSTRUCTION" missed="3" covered="0"/><counter type="LINE" missed="1" covered="0"/><counter type="COMPLEXITY" missed="1" covered="0"/><counter type="METHOD" missed="1" covered="0"/></method><method name="OnlinePadplusToken" desc="()Lscala/Enumeration$Value;" line="105"><counter type="INSTRUCTION" missed="3" covered="0"/><counter type="LINE" missed="1" covered="0"/><counter type="COMPLEXITY" missed="1" covered="0"/><counter type="METHOD" missed="1" covered="0"/></method><method name="&lt;init&gt;" desc="()V" line="100"><counter type="INSTRUCTION" missed="25" covered="0"/><counter type="LINE" missed="5" covered="0"/><counter type="COMPLEXITY" missed="1" covered="0"/><counter type="METHOD" missed="1" covered="0"/></method><counter type="INSTRUCTION" missed="40" covered="0"/><counter type="LINE" missed="5" covered="0"/><counter type="COMPLEXITY" missed="6" covered="0"/><counter type="METHOD" missed="6" covered="0"/><counter type="CLASS" missed="1" covered="0"/></class><class name="wechaty/padplus/schemas/ModelRoom$GrpcRoomPayload" sourcefilename="ModelRoom.scala"><method name="ContactType" desc="()Ljava/lang/Number;" line="49"><counter type="INSTRUCTION" missed="3" covered="0"/><counter type="LINE" missed="1" covered="0"/><counter type="COMPLEXITY" missed="1" covered="0"/><counter type="METHOD" missed="1" covered="0"/></method><method name="ContactType_$eq" desc="(Ljava/lang/Number;)V" line="49"><counter type="INSTRUCTION" missed="4" covered="0"/><counter type="LINE" missed="1" covered="0"/><counter type="COMPLEXITY" missed="1" covered="0"/><counter type="METHOD" missed="1" covered="0"/></method><method name="ExtInfoExt" desc="()Ljava/lang/String;" line="50"><counter type="INSTRUCTION" missed="3" covered="0"/><counter type="LINE" missed="1" covered="0"/><counter type="COMPLEXITY" missed="1" covered="0"/><counter type="METHOD" missed="1" covered="0"/></method><method name="ExtInfoExt_$eq" desc="(Ljava/lang/String;)V" line="50"><counter type="INSTRUCTION" missed="4" covered="0"/><counter type="LINE" missed="1" covered="0"/><counter type="COMPLEXITY" missed="1" covered="0"/><counter type="METHOD" missed="1" covered="0"/></method><method name="Sex" desc="()Ljava/lang/Number;" line="51"><counter type="INSTRUCTION" missed="3" covered="0"/><counter type="LINE" missed="1" covered="0"/><counter type="COMPLEXITY" missed="1" covered="0"/><counter type="METHOD" missed="1" covered="0"/></method><method name="Sex_$eq" desc="(Ljava/lang/Number;)V" line="51"><counter type="INSTRUCTION" missed="4" covered="0"/><counter type="LINE" missed="1" covered="0"/><counter type="COMPLEXITY" missed="1" covered="0"/><counter type="METHOD" missed="1" covered="0"/></method><method name="EncryptUsername" desc="()Ljava/lang/String;" line="52"><counter type="INSTRUCTION" missed="3" covered="0"/><counter type="LINE" missed="1" covered="0"/><counter type="COMPLEXITY" missed="1" covered="0"/><counter type="METHOD" missed="1" covered="0"/></method><method name="EncryptUsername_$eq" desc="(Ljava/lang/String;)V" line="52"><counter type="INSTRUCTION" missed="4" covered="0"/><counter type="LINE" missed="1" covered="0"/><counter type="COMPLEXITY" missed="1" covered="0"/><counter type="METHOD" missed="1" covered="0"/></method><method name="wechatUserName" desc="()Ljava/lang/String;" line="53"><counter type="INSTRUCTION" missed="3" covered="0"/><counter type="LINE" missed="1" covered="0"/><counter type="COMPLEXITY" missed="1" covered="0"/><counter type="METHOD" missed="1" covered="0"/></method><method name="wechatUserName_$eq" desc="(Ljava/lang/String;)V" line="53"><counter type="INSTRUCTION" missed="4" covered="0"/><counter type="LINE" missed="1" covered="0"/><counter type="COMPLEXITY" missed="1" covered="0"/><counter type="METHOD" missed="1" covered="0"/></method><method name="PYQuanPin" desc="()Ljava/lang/String;" line="54"><counter type="INSTRUCTION" missed="3" covered="0"/><counter type="LINE" missed="1" covered="0"/><counter type="COMPLEXITY" missed="1" covered="0"/><counter type="METHOD" missed="1" covered="0"/></method><method name="PYQuanPin_$eq" desc="(Ljava/lang/String;)V" line="54"><counter type="INSTRUCTION" missed="4" covered="0"/><counter type="LINE" missed="1" covered="0"/><counter type="COMPLEXITY" missed="1" covered="0"/><counter type="METHOD" missed="1" covered="0"/></method><method name="Remark" desc="()Ljava/lang/String;" line="55"><counter type="INSTRUCTION" missed="3" covered="0"/><counter type="LINE" missed="1" covered="0"/><counter type="COMPLEXITY" missed="1" covered="0"/><counter type="METHOD" missed="1" covered="0"/></method><method name="Remark_$eq" desc="(Ljava/lang/String;)V" line="55"><counter type="INSTRUCTION" missed="4" covered="0"/><counter type="LINE" missed="1" covered="0"/><counter type="COMPLEXITY" missed="1" covered="0"/><counter type="METHOD" missed="1" covered="0"/></method><method name="LabelLists" desc="()Ljava/lang/String;" line="56"><counter type="INSTRUCTION" missed="3" covered="0"/><counter type="LINE" missed="1" covered="0"/><counter type="COMPLEXITY" missed="1" covered="0"/><counter type="METHOD" missed="1" covered="0"/></method><method name="LabelLists_$eq" desc="(Ljava/lang/String;)V" line="56"><counter type="INSTRUCTION" missed="4" covered="0"/><counter type="LINE" missed="1" covered="0"/><counter type="COMPLEXITY" missed="1" covered="0"/><counter type="METHOD" missed="1" covered="0"/></method><method name="ChatroomVersion" desc="()Ljava/lang/Number;" line="57"><counter type="INSTRUCTION" missed="3" covered="0"/><counter type="LINE" missed="1" covered="0"/><counter type="COMPLEXITY" missed="1" covered="0"/><counter type="METHOD" missed="1" covered="0"/></method><method name="ChatroomVersion_$eq" desc="(Ljava/lang/Number;)V" line="57"><counter type="INSTRUCTION" missed="4" covered="0"/><counter type="LINE" missed="1" covered="0"/><counter type="COMPLEXITY" missed="1" covered="0"/><counter type="METHOD" missed="1" covered="0"/></method><method name="ExtInfo" desc="()Ljava/lang/String;" line="58"><counter type="INSTRUCTION" missed="3" covered="0"/><counter type="LINE" missed="1" covered="0"/><counter type="COMPLEXITY" missed="1" covered="0"/><counter type="METHOD" missed="1" covered="0"/></method><method name="ExtInfo_$eq" desc="(Ljava/lang/String;)V" line="58"><counter type="INSTRUCTION" missed="4" covered="0"/><counter type="LINE" missed="1" covered="0"/><counter type="COMPLEXITY" missed="1" covered="0"/><counter type="METHOD" missed="1" covered="0"/></method><method name="ChatRoomOwner" desc="()Ljava/lang/String;" line="59"><counter type="INSTRUCTION" missed="3" covered="0"/><counter type="LINE" missed="1" covered="0"/><counter type="COMPLEXITY" missed="1" covered="0"/><counter type="METHOD" missed="1" covered="0"/></method><method name="ChatRoomOwner_$eq" desc="(Ljava/lang/String;)V" line="59"><counter type="INSTRUCTION" missed="4" covered="0"/><counter type="LINE" missed="1" covered="0"/><counter type="COMPLEXITY" missed="1" covered="0"/><counter type="METHOD" missed="1" covered="0"/></method><method name="VerifyFlag" desc="()Ljava/lang/Number;" line="60"><counter type="INSTRUCTION" missed="3" covered="0"/><counter type="LINE" missed="1" covered="0"/><counter type="COMPLEXITY" missed="1" covered="0"/><counter type="METHOD" missed="1" covered="0"/></method><method name="VerifyFlag_$eq" desc="(Ljava/lang/Number;)V" line="60"><counter type="INSTRUCTION" missed="4" covered="0"/><counter type="LINE" missed="1" covered="0"/><counter type="COMPLEXITY" missed="1" covered="0"/><counter type="METHOD" missed="1" covered="0"/></method><method name="ContactFlag" desc="()Ljava/lang/Number;" line="61"><counter type="INSTRUCTION" missed="3" covered="0"/><counter type="LINE" missed="1" covered="0"/><counter type="COMPLEXITY" missed="1" covered="0"/><counter type="METHOD" missed="1" covered="0"/></method><method name="ContactFlag_$eq" desc="(Ljava/lang/Number;)V" line="61"><counter type="INSTRUCTION" missed="4" covered="0"/><counter type="LINE" missed="1" covered="0"/><counter type="COMPLEXITY" missed="1" covered="0"/><counter type="METHOD" missed="1" covered="0"/></method><method name="Ticket" desc="()Ljava/lang/String;" line="62"><counter type="INSTRUCTION" missed="3" covered="0"/><counter type="LINE" missed="1" covered="0"/><counter type="COMPLEXITY" missed="1" covered="0"/><counter type="METHOD" missed="1" covered="0"/></method><method name="Ticket_$eq" desc="(Ljava/lang/String;)V" line="62"><counter type="INSTRUCTION" missed="4" covered="0"/><counter type="LINE" missed="1" covered="0"/><counter type="COMPLEXITY" missed="1" covered="0"/><counter type="METHOD" missed="1" covered="0"/></method><method name="UserName" desc="()Ljava/lang/String;" line="63"><counter type="INSTRUCTION" missed="3" covered="0"/><counter type="LINE" missed="1" covered="0"/><counter type="COMPLEXITY" missed="1" covered="0"/><counter type="METHOD" missed="1" covered="0"/></method><method name="UserName_$eq" desc="(Ljava/lang/String;)V" line="63"><counter type="INSTRUCTION" missed="4" covered="0"/><counter type="LINE" missed="1" covered="0"/><counter type="COMPLEXITY" missed="1" covered="0"/><counter type="METHOD" missed="1" covered="0"/></method><method name="src" desc="()Ljava/lang/Number;" line="64"><counter type="INSTRUCTION" missed="3" covered="0"/><counter type="LINE" missed="1" covered="0"/><counter type="COMPLEXITY" missed="1" covered="0"/><counter type="METHOD" missed="1" covered="0"/></method><method name="src_$eq" desc="(Ljava/lang/Number;)V" line="64"><counter type="INSTRUCTION" missed="4" covered="0"/><counter type="LINE" missed="1" covered="0"/><counter type="COMPLEXITY" missed="1" covered="0"/><counter type="METHOD" missed="1" covered="0"/></method><method name="HeadImgUrl" desc="()Ljava/lang/String;" line="65"><counter type="INSTRUCTION" missed="3" covered="0"/><counter type="LINE" missed="1" covered="0"/><counter type="COMPLEXITY" missed="1" covered="0"/><counter type="METHOD" missed="1" covered="0"/></method><method name="HeadImgUrl_$eq" desc="(Ljava/lang/String;)V" line="65"><counter type="INSTRUCTION" missed="4" covered="0"/><counter type="LINE" missed="1" covered="0"/><counter type="COMPLEXITY" missed="1" covered="0"/><counter type="METHOD" missed="1" covered="0"/></method><method name="RemarkPYInitial" desc="()Ljava/lang/String;" line="66"><counter type="INSTRUCTION" missed="3" covered="0"/><counter type="LINE" missed="1" covered="0"/><counter type="COMPLEXITY" missed="1" covered="0"/><counter type="METHOD" missed="1" covered="0"/></method><method name="RemarkPYInitial_$eq" desc="(Ljava/lang/String;)V" line="66"><counter type="INSTRUCTION" missed="4" covered="0"/><counter type="LINE" missed="1" covered="0"/><counter type="COMPLEXITY" missed="1" covered="0"/><counter type="METHOD" missed="1" covered="0"/></method><method name="MsgType" desc="()Ljava/lang/Number;" line="67"><counter type="INSTRUCTION" missed="3" covered="0"/><counter type="LINE" missed="1" covered="0"/><counter type="COMPLEXITY" missed="1" covered="0"/><counter type="METHOD" missed="1" covered="0"/></method><method name="MsgType_$eq" desc="(Ljava/lang/Number;)V" line="67"><counter type="INSTRUCTION" missed="4" covered="0"/><counter type="LINE" missed="1" covered="0"/><counter type="COMPLEXITY" missed="1" covered="0"/><counter type="METHOD" missed="1" covered="0"/></method><method name="City" desc="()Ljava/lang/String;" line="68"><counter type="INSTRUCTION" missed="3" covered="0"/><counter type="LINE" missed="1" covered="0"/><counter type="COMPLEXITY" missed="1" covered="0"/><counter type="METHOD" missed="1" covered="0"/></method><method name="City_$eq" desc="(Ljava/lang/String;)V" line="68"><counter type="INSTRUCTION" missed="4" covered="0"/><counter type="LINE" missed="1" covered="0"/><counter type="COMPLEXITY" missed="1" covered="0"/><counter type="METHOD" missed="1" covered="0"/></method><method name="NickName" desc="()Ljava/lang/String;" line="69"><counter type="INSTRUCTION" missed="3" covered="0"/><counter type="LINE" missed="1" covered="0"/><counter type="COMPLEXITY" missed="1" covered="0"/><counter type="METHOD" missed="1" covered="0"/></method><method name="NickName_$eq" desc="(Ljava/lang/String;)V" line="69"><counter type="INSTRUCTION" missed="4" covered="0"/><counter type="LINE" missed="1" covered="0"/><counter type="COMPLEXITY" missed="1" covered="0"/><counter type="METHOD" missed="1" covered="0"/></method><method name="Province" desc="()Ljava/lang/String;" line="70"><counter type="INSTRUCTION" missed="3" covered="0"/><counter type="LINE" missed="1" covered="0"/><counter type="COMPLEXITY" missed="1" covered="0"/><counter type="METHOD" missed="1" covered="0"/></method><method name="Province_$eq" desc="(Ljava/lang/String;)V" line="70"><counter type="INSTRUCTION" missed="4" covered="0"/><counter type="LINE" missed="1" covered="0"/><counter type="COMPLEXITY" missed="1" covered="0"/><counter type="METHOD" missed="1" covered="0"/></method><method name="Alias" desc="()Ljava/lang/String;" line="71"><counter type="INSTRUCTION" missed="3" covered="0"/><counter type="LINE" missed="1" covered="0"/><counter type="COMPLEXITY" missed="1" covered="0"/><counter type="METHOD" missed="1" covered="0"/></method><method name="Alias_$eq" desc="(Ljava/lang/String;)V" line="71"><counter type="INSTRUCTION" missed="4" covered="0"/><counter type="LINE" missed="1" covered="0"/><counter type="COMPLEXITY" missed="1" covered="0"/><counter type="METHOD" missed="1" covered="0"/></method><method name="Signature" desc="()Ljava/lang/String;" line="72"><counter type="INSTRUCTION" missed="3" covered="0"/><counter type="LINE" missed="1" covered="0"/><counter type="COMPLEXITY" missed="1" covered="0"/><counter type="METHOD" missed="1" covered="0"/></method><method name="Signature_$eq" desc="(Ljava/lang/String;)V" line="72"><counter type="INSTRUCTION" missed="4" covered="0"/><counter type="LINE" missed="1" covered="0"/><counter type="COMPLEXITY" missed="1" covered="0"/><counter type="METHOD" missed="1" covered="0"/></method><method name="RemarkName" desc="()Ljava/lang/String;" line="73"><counter type="INSTRUCTION" missed="3" covered="0"/><counter type="LINE" missed="1" covered="0"/><counter type="COMPLEXITY" missed="1" covered="0"/><counter type="METHOD" missed="1" covered="0"/></method><method name="RemarkName_$eq" desc="(Ljava/lang/String;)V" line="73"><counter type="INSTRUCTION" missed="4" covered="0"/><counter type="LINE" missed="1" covered="0"/><counter type="COMPLEXITY" missed="1" covered="0"/><counter type="METHOD" missed="1" covered="0"/></method><method name="RemarkPYQuanPin" desc="()Ljava/lang/String;" line="74"><counter type="INSTRUCTION" missed="3" covered="0"/><counter type="LINE" missed="1" covered="0"/><counter type="COMPLEXITY" missed="1" covered="0"/><counter type="METHOD" missed="1" covered="0"/></method><method name="RemarkPYQuanPin_$eq" desc="(Ljava/lang/String;)V" line="74"><counter type="INSTRUCTION" missed="4" covered="0"/><counter type="LINE" missed="1" covered="0"/><counter type="COMPLEXITY" missed="1" covered="0"/><counter type="METHOD" missed="1" covered="0"/></method><method name="Uin" desc="()Ljava/lang/Number;" line="75"><counter type="INSTRUCTION" missed="3" covered="0"/><counter type="LINE" missed="1" covered="0"/><counter type="COMPLEXITY" missed="1" covered="0"/><counter type="METHOD" missed="1" covered="0"/></method><method name="Uin_$eq" desc="(Ljava/lang/Number;)V" line="75"><counter type="INSTRUCTION" missed="4" covered="0"/><counter type="LINE" missed="1" covered="0"/><counter type="COMPLEXITY" missed="1" covered="0"/><counter type="METHOD" missed="1" covered="0"/></method><method name="SmallHeadImgUrl" desc="()Ljava/lang/String;" line="76"><counter type="INSTRUCTION" missed="3" covered="0"/><counter type="LINE" missed="1" covered="0"/><counter type="COMPLEXITY" missed="1" covered="0"/><counter type="METHOD" missed="1" covered="0"/></method><method name="SmallHeadImgUrl_$eq" desc="(Ljava/lang/String;)V" line="76"><counter type="INSTRUCTION" missed="4" covered="0"/><counter type="LINE" missed="1" covered="0"/><counter type="COMPLEXITY" missed="1" covered="0"/><counter type="METHOD" missed="1" covered="0"/></method><method name="PYInitial" desc="()Ljava/lang/String;" line="77"><counter type="INSTRUCTION" missed="3" covered="0"/><counter type="LINE" missed="1" covered="0"/><counter type="COMPLEXITY" missed="1" covered="0"/><counter type="METHOD" missed="1" covered="0"/></method><method name="PYInitial_$eq" desc="(Ljava/lang/String;)V" line="77"><counter type="INSTRUCTION" missed="4" covered="0"/><counter type="LINE" missed="1" covered="0"/><counter type="COMPLEXITY" missed="1" covered="0"/><counter type="METHOD" missed="1" covered="0"/></method><method name="Seq" desc="()Ljava/lang/String;" line="78"><counter type="INSTRUCTION" missed="3" covered="0"/><counter type="LINE" missed="1" covered="0"/><counter type="COMPLEXITY" missed="1" covered="0"/><counter type="METHOD" missed="1" covered="0"/></method><method name="Seq_$eq" desc="(Ljava/lang/String;)V" line="78"><counter type="INSTRUCTION" missed="4" covered="0"/><counter type="LINE" missed="1" covered="0"/><counter type="COMPLEXITY" missed="1" covered="0"/><counter type="METHOD" missed="1" covered="0"/></method><method name="BigHeadImgUrl" desc="()Ljava/lang/String;" line="79"><counter type="INSTRUCTION" missed="3" covered="0"/><counter type="LINE" missed="1" covered="0"/><counter type="COMPLEXITY" missed="1" covered="0"/><counter type="METHOD" missed="1" covered="0"/></method><method name="BigHeadImgUrl_$eq" desc="(Ljava/lang/String;)V" line="79"><counter type="INSTRUCTION" missed="4" covered="0"/><counter type="LINE" missed="1" covered="0"/><counter type="COMPLEXITY" missed="1" covered="0"/><counter type="METHOD" missed="1" covered="0"/></method><method name="&lt;init&gt;" desc="()V" line="48"><counter type="INSTRUCTION" missed="3" covered="0"/><counter type="LINE" missed="2" covered="0"/><counter type="COMPLEXITY" missed="1" covered="0"/><counter type="METHOD" missed="1" covered="0"/></method><counter type="INSTRUCTION" missed="220" covered="0"/><counter type="LINE" missed="33" covered="0"/><counter type="COMPLEXITY" missed="63" covered="0"/><counter type="METHOD" missed="63" covered="0"/><counter type="CLASS" missed="1" covered="0"/></class><class name="wechaty/padplus/schemas/GrpcSchemas$GrpcContactOperationOption" sourcefilename="GrpcSchemas.scala"><method name="cmdid" desc="()Lscala/Enumeration$Value;" line="129"><counter type="INSTRUCTION" missed="3" covered="0"/><counter type="LINE" missed="1" covered="0"/><counter type="COMPLEXITY" missed="1" covered="0"/><counter type="METHOD" missed="1" covered="0"/></method><method name="cmdid_$eq" desc="(Lscala/Enumeration$Value;)V" line="129"><counter type="INSTRUCTION" missed="4" covered="0"/><counter type="LINE" missed="1" covered="0"/><counter type="COMPLEXITY" missed="1" covered="0"/><counter type="METHOD" missed="1" covered="0"/></method><method name="userId" desc="()Ljava/lang/String;" line="130"><counter type="INSTRUCTION" missed="3" covered="0"/><counter type="LINE" missed="1" covered="0"/><counter type="COMPLEXITY" missed="1" covered="0"/><counter type="METHOD" missed="1" covered="0"/></method><method name="userId_$eq" desc="(Ljava/lang/String;)V" line="130"><counter type="INSTRUCTION" missed="4" covered="0"/><counter type="LINE" missed="1" covered="0"/><counter type="COMPLEXITY" missed="1" covered="0"/><counter type="METHOD" missed="1" covered="0"/></method><method name="bitVal" desc="()Lscala/Enumeration$Value;" line="131"><counter type="INSTRUCTION" missed="3" covered="0"/><counter type="LINE" missed="1" covered="0"/><counter type="COMPLEXITY" missed="1" covered="0"/><counter type="METHOD" missed="1" covered="0"/></method><method name="bitVal_$eq" desc="(Lscala/Enumeration$Value;)V" line="131"><counter type="INSTRUCTION" missed="4" covered="0"/><counter type="LINE" missed="1" covered="0"/><counter type="COMPLEXITY" missed="1" covered="0"/><counter type="METHOD" missed="1" covered="0"/></method><method name="remark" desc="()Ljava/lang/String;" line="132"><counter type="INSTRUCTION" missed="3" covered="0"/><counter type="LINE" missed="1" covered="0"/><counter type="COMPLEXITY" missed="1" covered="0"/><counter type="METHOD" missed="1" covered="0"/></method><method name="remark_$eq" desc="(Ljava/lang/String;)V" line="132"><counter type="INSTRUCTION" missed="4" covered="0"/><counter type="LINE" missed="1" covered="0"/><counter type="COMPLEXITY" missed="1" covered="0"/><counter type="METHOD" missed="1" covered="0"/></method><method name="&lt;init&gt;" desc="()V" line="128"><counter type="INSTRUCTION" missed="3" covered="0"/><counter type="LINE" missed="2" covered="0"/><counter type="COMPLEXITY" missed="1" covered="0"/><counter type="METHOD" missed="1" covered="0"/></method><counter type="INSTRUCTION" missed="31" covered="0"/><counter type="LINE" missed="6" covered="0"/><counter type="COMPLEXITY" missed="9" covered="0"/><counter type="METHOD" missed="9" covered="0"/><counter type="CLASS" missed="1" covered="0"/></class><class name="wechaty/padplus/schemas/ModelContact$GrpcContactPayload" sourcefilename="ModelContact.scala"><method name="Alias" desc="()Ljava/lang/String;" line="28"><counter type="INSTRUCTION" missed="3" covered="0"/><counter type="LINE" missed="1" covered="0"/><counter type="COMPLEXITY" missed="1" covered="0"/><counter type="METHOD" missed="1" covered="0"/></method><method name="Alias_$eq" desc="(Ljava/lang/String;)V" line="28"><counter type="INSTRUCTION" missed="4" covered="0"/><counter type="LINE" missed="1" covered="0"/><counter type="COMPLEXITY" missed="1" covered="0"/><counter type="METHOD" missed="1" covered="0"/></method><method name="BigHeadImgUrl" desc="()Ljava/lang/String;" line="29"><counter type="INSTRUCTION" missed="3" covered="0"/><counter type="LINE" missed="1" covered="0"/><counter type="COMPLEXITY" missed="1" covered="0"/><counter type="METHOD" missed="1" covered="0"/></method><method name="BigHeadImgUrl_$eq" desc="(Ljava/lang/String;)V" line="29"><counter type="INSTRUCTION" missed="4" covered="0"/><counter type="LINE" missed="1" covered="0"/><counter type="COMPLEXITY" missed="1" covered="0"/><counter type="METHOD" missed="1" covered="0"/></method><method name="ChatRoomOwner" desc="()Ljava/lang/String;" line="30"><counter type="INSTRUCTION" missed="3" covered="0"/><counter type="LINE" missed="1" covered="0"/><counter type="COMPLEXITY" missed="1" covered="0"/><counter type="METHOD" missed="1" covered="0"/></method><method name="ChatRoomOwner_$eq" desc="(Ljava/lang/String;)V" line="30"><counter type="INSTRUCTION" missed="4" covered="0"/><counter type="LINE" missed="1" covered="0"/><counter type="COMPLEXITY" missed="1" covered="0"/><counter type="METHOD" missed="1" covered="0"/></method><method name="ChatroomVersion" desc="()I" line="31"><counter type="INSTRUCTION" missed="3" covered="0"/><counter type="LINE" missed="1" covered="0"/><counter type="COMPLEXITY" missed="1" covered="0"/><counter type="METHOD" missed="1" covered="0"/></method><method name="ChatroomVersion_$eq" desc="(I)V" line="31"><counter type="INSTRUCTION" missed="4" covered="0"/><counter type="LINE" missed="1" covered="0"/><counter type="COMPLEXITY" missed="1" covered="0"/><counter type="METHOD" missed="1" covered="0"/></method><method name="City" desc="()Ljava/lang/String;" line="32"><counter type="INSTRUCTION" missed="3" covered="0"/><counter type="LINE" missed="1" covered="0"/><counter type="COMPLEXITY" missed="1" covered="0"/><counter type="METHOD" missed="1" covered="0"/></method><method name="City_$eq" desc="(Ljava/lang/String;)V" line="32"><counter type="INSTRUCTION" missed="4" covered="0"/><counter type="LINE" missed="1" covered="0"/><counter type="COMPLEXITY" missed="1" covered="0"/><counter type="METHOD" missed="1" covered="0"/></method><method name="ContactFlag" desc="()I" line="33"><counter type="INSTRUCTION" missed="3" covered="0"/><counter type="LINE" missed="1" covered="0"/><counter type="COMPLEXITY" missed="1" covered="0"/><counter type="METHOD" missed="1" covered="0"/></method><method name="ContactFlag_$eq" desc="(I)V" line="33"><counter type="INSTRUCTION" missed="4" covered="0"/><counter type="LINE" missed="1" covered="0"/><counter type="COMPLEXITY" missed="1" covered="0"/><counter type="METHOD" missed="1" covered="0"/></method><method name="ContactType" desc="()Ljava/lang/String;" line="34"><counter type="INSTRUCTION" missed="3" covered="0"/><counter type="LINE" missed="1" covered="0"/><counter type="COMPLEXITY" missed="1" covered="0"/><counter type="METHOD" missed="1" covered="0"/></method><method name="ContactType_$eq" desc="(Ljava/lang/String;)V" line="34"><counter type="INSTRUCTION" missed="4" covered="0"/><counter type="LINE" missed="1" covered="0"/><counter type="COMPLEXITY" missed="1" covered="0"/><counter type="METHOD" missed="1" covered="0"/></method><method name="EncryptUsername" desc="()Ljava/lang/String;" line="35"><counter type="INSTRUCTION" missed="3" covered="0"/><counter type="LINE" missed="1" covered="0"/><counter type="COMPLEXITY" missed="1" covered="0"/><counter type="METHOD" missed="1" covered="0"/></method><method name="EncryptUsername_$eq" desc="(Ljava/lang/String;)V" line="35"><counter type="INSTRUCTION" missed="4" covered="0"/><counter type="LINE" missed="1" covered="0"/><counter type="COMPLEXITY" missed="1" covered="0"/><counter type="METHOD" missed="1" covered="0"/></method><method name="ExtInfo" desc="()Ljava/lang/String;" line="36"><counter type="INSTRUCTION" missed="3" covered="0"/><counter type="LINE" missed="1" covered="0"/><counter type="COMPLEXITY" missed="1" covered="0"/><counter type="METHOD" missed="1" covered="0"/></method><method name="ExtInfo_$eq" desc="(Ljava/lang/String;)V" line="36"><counter type="INSTRUCTION" missed="4" covered="0"/><counter type="LINE" missed="1" covered="0"/><counter type="COMPLEXITY" missed="1" covered="0"/><counter type="METHOD" missed="1" covered="0"/></method><method name="ExtInfoExt" desc="()Ljava/lang/String;" line="37"><counter type="INSTRUCTION" missed="3" covered="0"/><counter type="LINE" missed="1" covered="0"/><counter type="COMPLEXITY" missed="1" covered="0"/><counter type="METHOD" missed="1" covered="0"/></method><method name="ExtInfoExt_$eq" desc="(Ljava/lang/String;)V" line="37"><counter type="INSTRUCTION" missed="4" covered="0"/><counter type="LINE" missed="1" covered="0"/><counter type="COMPLEXITY" missed="1" covered="0"/><counter type="METHOD" missed="1" covered="0"/></method><method name="HeadImgUrl" desc="()Ljava/lang/String;" line="38"><counter type="INSTRUCTION" missed="3" covered="0"/><counter type="LINE" missed="1" covered="0"/><counter type="COMPLEXITY" missed="1" covered="0"/><counter type="METHOD" missed="1" covered="0"/></method><method name="HeadImgUrl_$eq" desc="(Ljava/lang/String;)V" line="38"><counter type="INSTRUCTION" missed="4" covered="0"/><counter type="LINE" missed="1" covered="0"/><counter type="COMPLEXITY" missed="1" covered="0"/><counter type="METHOD" missed="1" covered="0"/></method><method name="LabelLists" desc="()Ljava/lang/String;" line="39"><counter type="INSTRUCTION" missed="3" covered="0"/><counter type="LINE" missed="1" covered="0"/><counter type="COMPLEXITY" missed="1" covered="0"/><counter type="METHOD" missed="1" covered="0"/></method><method name="LabelLists_$eq" desc="(Ljava/lang/String;)V" line="39"><counter type="INSTRUCTION" missed="4" covered="0"/><counter type="LINE" missed="1" covered="0"/><counter type="COMPLEXITY" missed="1" covered="0"/><counter type="METHOD" missed="1" covered="0"/></method><method name="MsgType" desc="()I" line="40"><counter type="INSTRUCTION" missed="3" covered="0"/><counter type="LINE" missed="1" covered="0"/><counter type="COMPLEXITY" missed="1" covered="0"/><counter type="METHOD" missed="1" covered="0"/></method><method name="MsgType_$eq" desc="(I)V" line="40"><counter type="INSTRUCTION" missed="4" covered="0"/><counter type="LINE" missed="1" covered="0"/><counter type="COMPLEXITY" missed="1" covered="0"/><counter type="METHOD" missed="1" covered="0"/></method><method name="NickName" desc="()Ljava/lang/String;" line="41"><counter type="INSTRUCTION" missed="3" covered="0"/><counter type="LINE" missed="1" covered="0"/><counter type="COMPLEXITY" missed="1" covered="0"/><counter type="METHOD" missed="1" covered="0"/></method><method name="NickName_$eq" desc="(Ljava/lang/String;)V" line="41"><counter type="INSTRUCTION" missed="4" covered="0"/><counter type="LINE" missed="1" covered="0"/><counter type="COMPLEXITY" missed="1" covered="0"/><counter type="METHOD" missed="1" covered="0"/></method><method name="Province" desc="()Ljava/lang/String;" line="42"><counter type="INSTRUCTION" missed="3" covered="0"/><counter type="LINE" missed="1" covered="0"/><counter type="COMPLEXITY" missed="1" covered="0"/><counter type="METHOD" missed="1" covered="0"/></method><method name="Province_$eq" desc="(Ljava/lang/String;)V" line="42"><counter type="INSTRUCTION" missed="4" covered="0"/><counter type="LINE" missed="1" covered="0"/><counter type="COMPLEXITY" missed="1" covered="0"/><counter type="METHOD" missed="1" covered="0"/></method><method name="PYInitial" desc="()Ljava/lang/String;" line="43"><counter type="INSTRUCTION" missed="3" covered="0"/><counter type="LINE" missed="1" covered="0"/><counter type="COMPLEXITY" missed="1" covered="0"/><counter type="METHOD" missed="1" covered="0"/></method><method name="PYInitial_$eq" desc="(Ljava/lang/String;)V" line="43"><counter type="INSTRUCTION" missed="4" covered="0"/><counter type="LINE" missed="1" covered="0"/><counter type="COMPLEXITY" missed="1" covered="0"/><counter type="METHOD" missed="1" covered="0"/></method><method name="PYQuanPin" desc="()Ljava/lang/String;" line="44"><counter type="INSTRUCTION" missed="3" covered="0"/><counter type="LINE" missed="1" covered="0"/><counter type="COMPLEXITY" missed="1" covered="0"/><counter type="METHOD" missed="1" covered="0"/></method><method name="PYQuanPin_$eq" desc="(Ljava/lang/String;)V" line="44"><counter type="INSTRUCTION" missed="4" covered="0"/><counter type="LINE" missed="1" covered="0"/><counter type="COMPLEXITY" missed="1" covered="0"/><counter type="METHOD" missed="1" covered="0"/></method><method name="Remark" desc="()Ljava/lang/String;" line="45"><counter type="INSTRUCTION" missed="3" covered="0"/><counter type="LINE" missed="1" covered="0"/><counter type="COMPLEXITY" missed="1" covered="0"/><counter type="METHOD" missed="1" covered="0"/></method><method name="Remark_$eq" desc="(Ljava/lang/String;)V" line="45"><counter type="INSTRUCTION" missed="4" covered="0"/><counter type="LINE" missed="1" covered="0"/><counter type="COMPLEXITY" missed="1" covered="0"/><counter type="METHOD" missed="1" covered="0"/></method><method name="RemarkName" desc="()Ljava/lang/String;" line="46"><counter type="INSTRUCTION" missed="3" covered="0"/><counter type="LINE" missed="1" covered="0"/><counter type="COMPLEXITY" missed="1" covered="0"/><counter type="METHOD" missed="1" covered="0"/></method><method name="RemarkName_$eq" desc="(Ljava/lang/String;)V" line="46"><counter type="INSTRUCTION" missed="4" covered="0"/><counter type="LINE" missed="1" covered="0"/><counter type="COMPLEXITY" missed="1" covered="0"/><counter type="METHOD" missed="1" covered="0"/></method><method name="RemarkPYInitial" desc="()Ljava/lang/String;" line="47"><counter type="INSTRUCTION" missed="3" covered="0"/><counter type="LINE" missed="1" covered="0"/><counter type="COMPLEXITY" missed="1" covered="0"/><counter type="METHOD" missed="1" covered="0"/></method><method name="RemarkPYInitial_$eq" desc="(Ljava/lang/String;)V" line="47"><counter type="INSTRUCTION" missed="4" covered="0"/><counter type="LINE" missed="1" covered="0"/><counter type="COMPLEXITY" missed="1" covered="0"/><counter type="METHOD" missed="1" covered="0"/></method><method name="RemarkPYQuanPin" desc="()Ljava/lang/String;" line="48"><counter type="INSTRUCTION" missed="3" covered="0"/><counter type="LINE" missed="1" covered="0"/><counter type="COMPLEXITY" missed="1" covered="0"/><counter type="METHOD" missed="1" covered="0"/></method><method name="RemarkPYQuanPin_$eq" desc="(Ljava/lang/String;)V" line="48"><counter type="INSTRUCTION" missed="4" covered="0"/><counter type="LINE" missed="1" covered="0"/><counter type="COMPLEXITY" missed="1" covered="0"/><counter type="METHOD" missed="1" covered="0"/></method><method name="Seq" desc="()Ljava/lang/String;" line="49"><counter type="INSTRUCTION" missed="3" covered="0"/><counter type="LINE" missed="1" covered="0"/><counter type="COMPLEXITY" missed="1" covered="0"/><counter type="METHOD" missed="1" covered="0"/></method><method name="Seq_$eq" desc="(Ljava/lang/String;)V" line="49"><counter type="INSTRUCTION" missed="4" covered="0"/><counter type="LINE" missed="1" covered="0"/><counter type="COMPLEXITY" missed="1" covered="0"/><counter type="METHOD" missed="1" covered="0"/></method><method name="Sex" desc="()I" line="50"><counter type="INSTRUCTION" missed="3" covered="0"/><counter type="LINE" missed="1" covered="0"/><counter type="COMPLEXITY" missed="1" covered="0"/><counter type="METHOD" missed="1" covered="0"/></method><method name="Sex_$eq" desc="(I)V" line="50"><counter type="INSTRUCTION" missed="4" covered="0"/><counter type="LINE" missed="1" covered="0"/><counter type="COMPLEXITY" missed="1" covered="0"/><counter type="METHOD" missed="1" covered="0"/></method><method name="Signature" desc="()Ljava/lang/String;" line="51"><counter type="INSTRUCTION" missed="3" covered="0"/><counter type="LINE" missed="1" covered="0"/><counter type="COMPLEXITY" missed="1" covered="0"/><counter type="METHOD" missed="1" covered="0"/></method><method name="Signature_$eq" desc="(Ljava/lang/String;)V" line="51"><counter type="INSTRUCTION" missed="4" covered="0"/><counter type="LINE" missed="1" covered="0"/><counter type="COMPLEXITY" missed="1" covered="0"/><counter type="METHOD" missed="1" covered="0"/></method><method name="SmallHeadImgUrl" desc="()Ljava/lang/String;" line="52"><counter type="INSTRUCTION" missed="3" covered="0"/><counter type="LINE" missed="1" covered="0"/><counter type="COMPLEXITY" missed="1" covered="0"/><counter type="METHOD" missed="1" covered="0"/></method><method name="SmallHeadImgUrl_$eq" desc="(Ljava/lang/String;)V" line="52"><counter type="INSTRUCTION" missed="4" covered="0"/><counter type="LINE" missed="1" covered="0"/><counter type="COMPLEXITY" missed="1" covered="0"/><counter type="METHOD" missed="1" covered="0"/></method><method name="Type7" desc="()Ljava/lang/String;" line="53"><counter type="INSTRUCTION" missed="3" covered="0"/><counter type="LINE" missed="1" covered="0"/><counter type="COMPLEXITY" missed="1" covered="0"/><counter type="METHOD" missed="1" covered="0"/></method><method name="Type7_$eq" desc="(Ljava/lang/String;)V" line="53"><counter type="INSTRUCTION" missed="4" covered="0"/><counter type="LINE" missed="1" covered="0"/><counter type="COMPLEXITY" missed="1" covered="0"/><counter type="METHOD" missed="1" covered="0"/></method><method name="Uin" desc="()I" line="54"><counter type="INSTRUCTION" missed="3" covered="0"/><counter type="LINE" missed="1" covered="0"/><counter type="COMPLEXITY" missed="1" covered="0"/><counter type="METHOD" missed="1" covered="0"/></method><method name="Uin_$eq" desc="(I)V" line="54"><counter type="INSTRUCTION" missed="4" covered="0"/><counter type="LINE" missed="1" covered="0"/><counter type="COMPLEXITY" missed="1" covered="0"/><counter type="METHOD" missed="1" covered="0"/></method><method name="UserName" desc="()Ljava/lang/String;" line="55"><counter type="INSTRUCTION" missed="3" covered="0"/><counter type="LINE" missed="1" covered="0"/><counter type="COMPLEXITY" missed="1" covered="0"/><counter type="METHOD" missed="1" covered="0"/></method><method name="UserName_$eq" desc="(Ljava/lang/String;)V" line="55"><counter type="INSTRUCTION" missed="4" covered="0"/><counter type="LINE" missed="1" covered="0"/><counter type="COMPLEXITY" missed="1" covered="0"/><counter type="METHOD" missed="1" covered="0"/></method><method name="VerifyFlag" desc="()I" line="56"><counter type="INSTRUCTION" missed="3" covered="0"/><counter type="LINE" missed="1" covered="0"/><counter type="COMPLEXITY" missed="1" covered="0"/><counter type="METHOD" missed="1" covered="0"/></method><method name="VerifyFlag_$eq" desc="(I)V" line="56"><counter type="INSTRUCTION" missed="4" covered="0"/><counter type="LINE" missed="1" covered="0"/><counter type="COMPLEXITY" missed="1" covered="0"/><counter type="METHOD" missed="1" covered="0"/></method><method name="wechatUserName" desc="()Ljava/lang/String;" line="57"><counter type="INSTRUCTION" missed="3" covered="0"/><counter type="LINE" missed="1" covered="0"/><counter type="COMPLEXITY" missed="1" covered="0"/><counter type="METHOD" missed="1" covered="0"/></method><method name="wechatUserName_$eq" desc="(Ljava/lang/String;)V" line="57"><counter type="INSTRUCTION" missed="4" covered="0"/><counter type="LINE" missed="1" covered="0"/><counter type="COMPLEXITY" missed="1" covered="0"/><counter type="METHOD" missed="1" covered="0"/></method><method name="&lt;init&gt;" desc="()V" line="27"><counter type="INSTRUCTION" missed="3" covered="0"/><counter type="LINE" missed="2" covered="0"/><counter type="COMPLEXITY" missed="1" covered="0"/><counter type="METHOD" missed="1" covered="0"/></method><counter type="INSTRUCTION" missed="213" covered="0"/><counter type="LINE" missed="32" covered="0"/><counter type="COMPLEXITY" missed="61" covered="0"/><counter type="METHOD" missed="61" covered="0"/><counter type="CLASS" missed="1" covered="0"/></class><class name="wechaty/padplus/schemas/ModelRoom$PadplusRoomInvitationPayload" sourcefilename="ModelRoom.scala"><method name="id" desc="()Ljava/lang/String;" line="83"><counter type="INSTRUCTION" missed="3" covered="0"/><counter type="LINE" missed="1" covered="0"/><counter type="COMPLEXITY" missed="1" covered="0"/><counter type="METHOD" missed="1" covered="0"/></method><method name="id_$eq" desc="(Ljava/lang/String;)V" line="83"><counter type="INSTRUCTION" missed="4" covered="0"/><counter type="LINE" missed="1" covered="0"/><counter type="COMPLEXITY" missed="1" covered="0"/><counter type="METHOD" missed="1" covered="0"/></method><method name="fromUser" desc="()Ljava/lang/String;" line="84"><counter type="INSTRUCTION" missed="3" covered="0"/><counter type="LINE" missed="1" covered="0"/><counter type="COMPLEXITY" missed="1" covered="0"/><counter type="METHOD" missed="1" covered="0"/></method><method name="fromUser_$eq" desc="(Ljava/lang/String;)V" line="84"><counter type="INSTRUCTION" missed="4" covered="0"/><counter type="LINE" missed="1" covered="0"/><counter type="COMPLEXITY" missed="1" covered="0"/><counter type="METHOD" missed="1" covered="0"/></method><method name="receiver" desc="()Ljava/lang/String;" line="85"><counter type="INSTRUCTION" missed="3" covered="0"/><counter type="LINE" missed="1" covered="0"/><counter type="COMPLEXITY" missed="1" covered="0"/><counter type="METHOD" missed="1" covered="0"/></method><method name="receiver_$eq" desc="(Ljava/lang/String;)V" line="85"><counter type="INSTRUCTION" missed="4" covered="0"/><counter type="LINE" missed="1" covered="0"/><counter type="COMPLEXITY" missed="1" covered="0"/><counter type="METHOD" missed="1" covered="0"/></method><method name="roomName" desc="()Ljava/lang/String;" line="86"><counter type="INSTRUCTION" missed="3" covered="0"/><counter type="LINE" missed="1" covered="0"/><counter type="COMPLEXITY" missed="1" covered="0"/><counter type="METHOD" missed="1" covered="0"/></method><method name="roomName_$eq" desc="(Ljava/lang/String;)V" line="86"><counter type="INSTRUCTION" missed="4" covered="0"/><counter type="LINE" missed="1" covered="0"/><counter type="COMPLEXITY" missed="1" covered="0"/><counter type="METHOD" missed="1" covered="0"/></method><method name="thumbUrl" desc="()Ljava/lang/String;" line="87"><counter type="INSTRUCTION" missed="3" covered="0"/><counter type="LINE" missed="1" covered="0"/><counter type="COMPLEXITY" missed="1" covered="0"/><counter type="METHOD" missed="1" covered="0"/></method><method name="thumbUrl_$eq" desc="(Ljava/lang/String;)V" line="87"><counter type="INSTRUCTION" missed="4" covered="0"/><counter type="LINE" missed="1" covered="0"/><counter type="COMPLEXITY" missed="1" covered="0"/><counter type="METHOD" missed="1" covered="0"/></method><method name="timestamp" desc="()Ljava/lang/Number;" line="88"><counter type="INSTRUCTION" missed="3" covered="0"/><counter type="LINE" missed="1" covered="0"/><counter type="COMPLEXITY" missed="1" covered="0"/><counter type="METHOD" missed="1" covered="0"/></method><method name="timestamp_$eq" desc="(Ljava/lang/Number;)V" line="88"><counter type="INSTRUCTION" missed="4" covered="0"/><counter type="LINE" missed="1" covered="0"/><counter type="COMPLEXITY" missed="1" covered="0"/><counter type="METHOD" missed="1" covered="0"/></method><method name="url" desc="()Ljava/lang/String;" line="89"><counter type="INSTRUCTION" missed="3" covered="0"/><counter type="LINE" missed="1" covered="0"/><counter type="COMPLEXITY" missed="1" covered="0"/><counter type="METHOD" missed="1" covered="0"/></method><method name="url_$eq" desc="(Ljava/lang/String;)V" line="89"><counter type="INSTRUCTION" missed="4" covered="0"/><counter type="LINE" missed="1" covered="0"/><counter type="COMPLEXITY" missed="1" covered="0"/><counter type="METHOD" missed="1" covered="0"/></method><method name="&lt;init&gt;" desc="()V" line="82"><counter type="INSTRUCTION" missed="3" covered="0"/><counter type="LINE" missed="2" covered="0"/><counter type="COMPLEXITY" missed="1" covered="0"/><counter type="METHOD" missed="1" covered="0"/></method><counter type="INSTRUCTION" missed="52" covered="0"/><counter type="LINE" missed="9" covered="0"/><counter type="COMPLEXITY" missed="15" covered="0"/><counter type="METHOD" missed="15" covered="0"/><counter type="CLASS" missed="1" covered="0"/></class><class name="wechaty/padplus/schemas/PadplusEnums$ContactOperationCmdId$" sourcefilename="PadplusEnums.scala"><method name="&lt;clinit&gt;" desc="()V"><counter type="INSTRUCTION" missed="3" covered="0"/><counter type="COMPLEXITY" missed="1" covered="0"/><counter type="METHOD" missed="1" covered="0"/></method><method name="Delete" desc="()Lscala/Enumeration$Value;" line="200"><counter type="INSTRUCTION" missed="3" covered="0"/><counter type="LINE" missed="1" covered="0"/><counter type="COMPLEXITY" missed="1" covered="0"/><counter type="METHOD" missed="1" covered="0"/></method><method name="Operation" desc="()Lscala/Enumeration$Value;" line="201"><counter type="INSTRUCTION" missed="3" covered="0"/><counter type="LINE" missed="1" covered="0"/><counter type="COMPLEXITY" missed="1" covered="0"/><counter type="METHOD" missed="1" covered="0"/></method><method name="&lt;init&gt;" desc="()V" line="198"><counter type="INSTRUCTION" missed="15" covered="0"/><counter type="LINE" missed="3" covered="0"/><counter type="COMPLEXITY" missed="1" covered="0"/><counter type="METHOD" missed="1" covered="0"/></method><counter type="INSTRUCTION" missed="24" covered="0"/><counter type="LINE" missed="3" covered="0"/><counter type="COMPLEXITY" missed="4" covered="0"/><counter type="METHOD" missed="4" covered="0"/><counter type="CLASS" missed="1" covered="0"/></class><class name="wechaty/padplus/schemas/ModelFriendship$AddContactGrpcResponse" sourcefilename="ModelFriendship.scala"><method name="status" desc="()Ljava/lang/String;" line="44"><counter type="INSTRUCTION" missed="3" covered="0"/><counter type="LINE" missed="1" covered="0"/><counter type="COMPLEXITY" missed="1" covered="0"/><counter type="METHOD" missed="1" covered="0"/></method><method name="status_$eq" desc="(Ljava/lang/String;)V" line="44"><counter type="INSTRUCTION" missed="4" covered="0"/><counter type="LINE" missed="1" covered="0"/><counter type="COMPLEXITY" missed="1" covered="0"/><counter type="METHOD" missed="1" covered="0"/></method><method name="&lt;init&gt;" desc="()V" line="43"><counter type="INSTRUCTION" missed="3" covered="0"/><counter type="LINE" missed="2" covered="0"/><counter type="COMPLEXITY" missed="1" covered="0"/><counter type="METHOD" missed="1" covered="0"/></method><counter type="INSTRUCTION" missed="10" covered="0"/><counter type="LINE" missed="3" covered="0"/><counter type="COMPLEXITY" missed="3" covered="0"/><counter type="METHOD" missed="3" covered="0"/><counter type="CLASS" missed="1" covered="0"/></class><class name="wechaty/padplus/schemas/PadplusEnums$GrpcVoiceFormat$" sourcefilename="PadplusEnums.scala"><method name="&lt;clinit&gt;" desc="()V"><counter type="INSTRUCTION" missed="3" covered="0"/><counter type="COMPLEXITY" missed="1" covered="0"/><counter type="METHOD" missed="1" covered="0"/></method><method name="Amr" desc="()Lscala/Enumeration$Value;" line="217"><counter type="INSTRUCTION" missed="3" covered="0"/><counter type="LINE" missed="1" covered="0"/><counter type="COMPLEXITY" missed="1" covered="0"/><counter type="METHOD" missed="1" covered="0"/></method><method name="Mp3" desc="()Lscala/Enumeration$Value;" line="218"><counter type="INSTRUCTION" missed="3" covered="0"/><counter type="LINE" missed="1" covered="0"/><counter type="COMPLEXITY" missed="1" covered="0"/><counter type="METHOD" missed="1" covered="0"/></method><method name="Wave" desc="()Lscala/Enumeration$Value;" line="219"><counter type="INSTRUCTION" missed="3" covered="0"/><counter type="LINE" missed="1" covered="0"/><counter type="COMPLEXITY" missed="1" covered="0"/><counter type="METHOD" missed="1" covered="0"/></method><method name="Silk" desc="()Lscala/Enumeration$Value;" line="220"><counter type="INSTRUCTION" missed="3" covered="0"/><counter type="LINE" missed="1" covered="0"/><counter type="COMPLEXITY" missed="1" covered="0"/><counter type="METHOD" missed="1" covered="0"/></method><method name="&lt;init&gt;" desc="()V" line="215"><counter type="INSTRUCTION" missed="25" covered="0"/><counter type="LINE" missed="5" covered="0"/><counter type="COMPLEXITY" missed="1" covered="0"/><counter type="METHOD" missed="1" covered="0"/></method><counter type="INSTRUCTION" missed="40" covered="0"/><counter type="LINE" missed="5" covered="0"/><counter type="COMPLEXITY" missed="6" covered="0"/><counter type="METHOD" missed="6" covered="0"/><counter type="CLASS" missed="1" covered="0"/></class><class name="wechaty/padplus/schemas/ModelFriendship$FriendshipPayloadReceive" sourcefilename="ModelFriendship.scala"><method name="stranger" desc="()Ljava/lang/String;" line="32"><counter type="INSTRUCTION" missed="3" covered="0"/><counter type="LINE" missed="1" covered="0"/><counter type="COMPLEXITY" missed="1" covered="0"/><counter type="METHOD" missed="1" covered="0"/></method><method name="stranger_$eq" desc="(Ljava/lang/String;)V" line="32"><counter type="INSTRUCTION" missed="4" covered="0"/><counter type="LINE" missed="1" covered="0"/><counter type="COMPLEXITY" missed="1" covered="0"/><counter type="METHOD" missed="1" covered="0"/></method><method name="ticket" desc="()Ljava/lang/String;" line="33"><counter type="INSTRUCTION" missed="3" covered="0"/><counter type="LINE" missed="1" covered="0"/><counter type="COMPLEXITY" missed="1" covered="0"/><counter type="METHOD" missed="1" covered="0"/></method><method name="ticket_$eq" desc="(Ljava/lang/String;)V" line="33"><counter type="INSTRUCTION" missed="4" covered="0"/><counter type="LINE" missed="1" covered="0"/><counter type="COMPLEXITY" missed="1" covered="0"/><counter type="METHOD" missed="1" covered="0"/></method><method name="&lt;init&gt;" desc="()V" line="31"><counter type="INSTRUCTION" missed="3" covered="0"/><counter type="LINE" missed="1" covered="0"/><counter type="COMPLEXITY" missed="1" covered="0"/><counter type="METHOD" missed="1" covered="0"/></method><counter type="INSTRUCTION" missed="17" covered="0"/><counter type="LINE" missed="3" covered="0"/><counter type="COMPLEXITY" missed="5" covered="0"/><counter type="METHOD" missed="5" covered="0"/><counter type="CLASS" missed="1" covered="0"/></class><class name="wechaty/padplus/schemas/ModelUser$ScanData" sourcefilename="ModelUser.scala"><method name="head_url" desc="()Ljava/lang/String;" line="41"><counter type="INSTRUCTION" missed="3" covered="0"/><counter type="LINE" missed="1" covered="0"/><counter type="COMPLEXITY" missed="1" covered="0"/><counter type="METHOD" missed="1" covered="0"/></method><method name="head_url_$eq" desc="(Ljava/lang/String;)V" line="41"><counter type="INSTRUCTION" missed="4" covered="0"/><counter type="LINE" missed="1" covered="0"/><counter type="COMPLEXITY" missed="1" covered="0"/><counter type="METHOD" missed="1" covered="0"/></method><method name="msg" desc="()Ljava/lang/String;" line="42"><counter type="INSTRUCTION" missed="3" covered="0"/><counter type="LINE" missed="1" covered="0"/><counter type="COMPLEXITY" missed="1" covered="0"/><counter type="METHOD" missed="1" covered="0"/></method><method name="msg_$eq" desc="(Ljava/lang/String;)V" line="42"><counter type="INSTRUCTION" missed="4" covered="0"/><counter type="LINE" missed="1" covered="0"/><counter type="COMPLEXITY" missed="1" covered="0"/><counter type="METHOD" missed="1" covered="0"/></method><method name="nick_name" desc="()Ljava/lang/String;" line="43"><counter type="INSTRUCTION" missed="3" covered="0"/><counter type="LINE" missed="1" covered="0"/><counter type="COMPLEXITY" missed="1" covered="0"/><counter type="METHOD" missed="1" covered="0"/></method><method name="nick_name_$eq" desc="(Ljava/lang/String;)V" line="43"><counter type="INSTRUCTION" missed="4" covered="0"/><counter type="LINE" missed="1" covered="0"/><counter type="COMPLEXITY" missed="1" covered="0"/><counter type="METHOD" missed="1" covered="0"/></method><method name="qrcodeId" desc="()Ljava/lang/String;" line="44"><counter type="INSTRUCTION" missed="3" covered="0"/><counter type="LINE" missed="1" covered="0"/><counter type="COMPLEXITY" missed="1" covered="0"/><counter type="METHOD" missed="1" covered="0"/></method><method name="qrcodeId_$eq" desc="(Ljava/lang/String;)V" line="44"><counter type="INSTRUCTION" missed="4" covered="0"/><counter type="LINE" missed="1" covered="0"/><counter type="COMPLEXITY" missed="1" covered="0"/><counter type="METHOD" missed="1" covered="0"/></method><method name="status" desc="()Ljava/lang/Number;" line="45"><counter type="INSTRUCTION" missed="3" covered="0"/><counter type="LINE" missed="1" covered="0"/><counter type="COMPLEXITY" missed="1" covered="0"/><counter type="METHOD" missed="1" covered="0"/></method><method name="status_$eq" desc="(Ljava/lang/Number;)V" line="45"><counter type="INSTRUCTION" missed="4" covered="0"/><counter type="LINE" missed="1" covered="0"/><counter type="COMPLEXITY" missed="1" covered="0"/><counter type="METHOD" missed="1" covered="0"/></method><method name="user_name" desc="()Ljava/lang/String;" line="46"><counter type="INSTRUCTION" missed="3" covered="0"/><counter type="LINE" missed="1" covered="0"/><counter type="COMPLEXITY" missed="1" covered="0"/><counter type="METHOD" missed="1" covered="0"/></method><method name="user_name_$eq" desc="(Ljava/lang/String;)V" line="46"><counter type="INSTRUCTION" missed="4" covered="0"/><counter type="LINE" missed="1" covered="0"/><counter type="COMPLEXITY" missed="1" covered="0"/><counter type="METHOD" missed="1" covered="0"/></method><method name="&lt;init&gt;" desc="()V" line="40"><counter type="INSTRUCTION" missed="3" covered="0"/><counter type="LINE" missed="2" covered="0"/><counter type="COMPLEXITY" missed="1" covered="0"/><counter type="METHOD" missed="1" covered="0"/></method><counter type="INSTRUCTION" missed="45" covered="0"/><counter type="LINE" missed="8" covered="0"/><counter type="COMPLEXITY" missed="13" covered="0"/><counter type="METHOD" missed="13" covered="0"/><counter type="CLASS" missed="1" covered="0"/></class><class name="wechaty/padplus/schemas/ModelUser$PadplusQrcode" sourcefilename="ModelUser.scala"><method name="qrcode" desc="()Ljava/lang/String;" line="8"><counter type="INSTRUCTION" missed="3" covered="0"/><counter type="LINE" missed="1" covered="0"/><counter type="COMPLEXITY" missed="1" covered="0"/><counter type="METHOD" missed="1" covered="0"/></method><method name="qrcode_$eq" desc="(Ljava/lang/String;)V" line="8"><counter type="INSTRUCTION" missed="4" covered="0"/><counter type="LINE" missed="1" covered="0"/><counter type="COMPLEXITY" missed="1" covered="0"/><counter type="METHOD" missed="1" covered="0"/></method><method name="qrcodeId" desc="()Ljava/lang/String;" line="9"><counter type="INSTRUCTION" missed="3" covered="0"/><counter type="LINE" missed="1" covered="0"/><counter type="COMPLEXITY" missed="1" covered="0"/><counter type="METHOD" missed="1" covered="0"/></method><method name="qrcodeId_$eq" desc="(Ljava/lang/String;)V" line="9"><counter type="INSTRUCTION" missed="4" covered="0"/><counter type="LINE" missed="1" covered="0"/><counter type="COMPLEXITY" missed="1" covered="0"/><counter type="METHOD" missed="1" covered="0"/></method><method name="&lt;init&gt;" desc="()V" line="7"><counter type="INSTRUCTION" missed="3" covered="0"/><counter type="LINE" missed="2" covered="0"/><counter type="COMPLEXITY" missed="1" covered="0"/><counter type="METHOD" missed="1" covered="0"/></method><counter type="INSTRUCTION" missed="17" covered="0"/><counter type="LINE" missed="4" covered="0"/><counter type="COMPLEXITY" missed="5" covered="0"/><counter type="METHOD" missed="5" covered="0"/><counter type="CLASS" missed="1" covered="0"/></class><class name="wechaty/padplus/schemas/ModelFriendship" sourcefilename="ModelFriendship.scala"/><class name="wechaty/padplus/schemas/PadplusEnums$QrcodeStatus$" sourcefilename="PadplusEnums.scala"><method name="&lt;clinit&gt;" desc="()V"><counter type="INSTRUCTION" missed="3" covered="0"/><counter type="COMPLEXITY" missed="1" covered="0"/><counter type="METHOD" missed="1" covered="0"/></method><method name="Waiting" desc="()Lscala/Enumeration$Value;" line="5"><counter type="INSTRUCTION" missed="3" covered="0"/><counter type="LINE" missed="1" covered="0"/><counter type="COMPLEXITY" missed="1" covered="0"/><counter type="METHOD" missed="1" covered="0"/></method><method name="Scanned" desc="()Lscala/Enumeration$Value;" line="6"><counter type="INSTRUCTION" missed="3" covered="0"/><counter type="LINE" missed="1" covered="0"/><counter type="COMPLEXITY" missed="1" covered="0"/><counter type="METHOD" missed="1" covered="0"/></method><method name="Confirmed" desc="()Lscala/Enumeration$Value;" line="7"><counter type="INSTRUCTION" missed="3" covered="0"/><counter type="LINE" missed="1" covered="0"/><counter type="COMPLEXITY" missed="1" covered="0"/><counter type="METHOD" missed="1" covered="0"/></method><method name="Canceled" desc="()Lscala/Enumeration$Value;" line="8"><counter type="INSTRUCTION" missed="3" covered="0"/><counter type="LINE" missed="1" covered="0"/><counter type="COMPLEXITY" missed="1" covered="0"/><counter type="METHOD" missed="1" covered="0"/></method><method name="Expired" desc="()Lscala/Enumeration$Value;" line="9"><counter type="INSTRUCTION" missed="3" covered="0"/><counter type="LINE" missed="1" covered="0"/><counter type="COMPLEXITY" missed="1" covered="0"/><counter type="METHOD" missed="1" covered="0"/></method><method name="&lt;init&gt;" desc="()V" line="3"><counter type="INSTRUCTION" missed="30" covered="0"/><counter type="LINE" missed="6" covered="0"/><counter type="COMPLEXITY" missed="1" covered="0"/><counter type="METHOD" missed="1" covered="0"/></method><counter type="INSTRUCTION" missed="48" covered="0"/><counter type="LINE" missed="6" covered="0"/><counter type="COMPLEXITY" missed="7" covered="0"/><counter type="METHOD" missed="7" covered="0"/><counter type="CLASS" missed="1" covered="0"/></class><class name="wechaty/padplus/schemas/PadplusEnums$RequestStatus$" sourcefilename="PadplusEnums.scala"><method name="&lt;clinit&gt;" desc="()V"><counter type="INSTRUCTION" missed="3" covered="0"/><counter type="COMPLEXITY" missed="1" covered="0"/><counter type="METHOD" missed="1" covered="0"/></method><method name="Fail" desc="()Lscala/Enumeration$Value;" line="290"><counter type="INSTRUCTION" missed="3" covered="0"/><counter type="LINE" missed="1" covered="0"/><counter type="COMPLEXITY" missed="1" covered="0"/><counter type="METHOD" missed="1" covered="0"/></method><method name="Success" desc="()Lscala/Enumeration$Value;" line="291"><counter type="INSTRUCTION" missed="3" covered="0"/><counter type="LINE" missed="1" covered="0"/><counter type="COMPLEXITY" missed="1" covered="0"/><counter type="METHOD" missed="1" covered="0"/></method><method name="&lt;init&gt;" desc="()V" line="288"><counter type="INSTRUCTION" missed="15" covered="0"/><counter type="LINE" missed="3" covered="0"/><counter type="COMPLEXITY" missed="1" covered="0"/><counter type="METHOD" missed="1" covered="0"/></method><counter type="INSTRUCTION" missed="24" covered="0"/><counter type="LINE" missed="3" covered="0"
[...]
 mb="0" cb="0"/><line nr="3706" mi="3" ci="0" mb="0" cb="0"/><line nr="3707" mi="3" ci="0" mb="2" cb="0"/><line nr="3708" mi="3" ci="0" mb="0" cb="0"/><line nr="3710" mi="2" ci="0" mb="0" cb="0"/><line nr="3720" mi="3" ci="0" mb="0" cb="0"/><line nr="3721" mi="3" ci="0" mb="2" cb="0"/><line nr="3722" mi="2" ci="0" mb="0" cb="0"/><line nr="3723" mi="2" ci="0" mb="0" cb="0"/><line nr="3725" mi="3" ci="0" mb="0" cb="0"/><line nr="3726" mi="2" ci="0" mb="0" cb="0"/><line nr="3728" mi="3" ci="0" mb="0" cb="0"/><line nr="3740" mi="9" ci="0" mb="2" cb="0"/><line nr="3748" mi="3" ci="0" mb="0" cb="0"/><line nr="3749" mi="3" ci="0" mb="2" cb="0"/><line nr="3750" mi="3" ci="0" mb="0" cb="0"/><line nr="3752" mi="3" ci="0" mb="0" cb="0"/><line nr="3754" mi="3" ci="0" mb="0" cb="0"/><line nr="3755" mi="3" ci="0" mb="2" cb="0"/><line nr="3756" mi="3" ci="0" mb="0" cb="0"/><line nr="3758" mi="2" ci="0" mb="0" cb="0"/><line nr="3768" mi="3" ci="0" mb="0" cb="0"/><line nr="3769" mi="3" ci="0" mb="2" cb="0"/><line nr="3770" mi="2" ci="0" mb="0" cb="0"/><line nr="3771" mi="2" ci="0" mb="0" cb="0"/><line nr="3773" mi="3" ci="0" mb="0" cb="0"/><line nr="3774" mi="2" ci="0" mb="0" cb="0"/><line nr="3776" mi="3" ci="0" mb="0" cb="0"/><line nr="3787" mi="9" ci="0" mb="2" cb="0"/><line nr="3795" mi="4" ci="0" mb="0" cb="0"/><line nr="3796" mi="6" ci="0" mb="2" cb="0"/><line nr="3807" mi="9" ci="0" mb="2" cb="0"/><line nr="3815" mi="3" ci="0" mb="0" cb="0"/><line nr="3816" mi="3" ci="0" mb="2" cb="0"/><line nr="3817" mi="3" ci="0" mb="0" cb="0"/><line nr="3819" mi="3" ci="0" mb="0" cb="0"/><line nr="3821" mi="3" ci="0" mb="0" cb="0"/><line nr="3822" mi="3" ci="0" mb="2" cb="0"/><line nr="3823" mi="3" ci="0" mb="0" cb="0"/><line nr="3825" mi="2" ci="0" mb="0" cb="0"/><line nr="3835" mi="3" ci="0" mb="0" cb="0"/><line nr="3836" mi="3" ci="0" mb="2" cb="0"/><line nr="3837" mi="2" ci="0" mb="0" cb="0"/><line nr="3838" mi="2" ci="0" mb="0" cb="0"/><line nr="3840" mi="3" ci="0" mb="0" cb="0"/><line nr="3841" mi="2" ci="0" mb="0" cb="0"/><line nr="3843" mi="3" ci="0" mb="0" cb="0"/><line nr="3847" mi="6" ci="0" mb="0" cb="0"/><line nr="3850" mi="3" ci="0" mb="0" cb="0"/><line nr="3851" mi="5" ci="0" mb="2" cb="0"/><line nr="3852" mi="4" ci="0" mb="2" cb="0"/><line nr="3854" mi="3" ci="0" mb="2" cb="0"/><line nr="3855" mi="3" ci="0" mb="0" cb="0"/><line nr="3856" mi="2" ci="0" mb="0" cb="0"/><line nr="3858" mi="3" ci="0" mb="2" cb="0"/><line nr="3859" mi="3" ci="0" mb="0" cb="0"/><line nr="3860" mi="2" ci="0" mb="0" cb="0"/><line nr="3862" mi="3" ci="0" mb="0" cb="0"/><line nr="3863" mi="2" ci="0" mb="0" cb="0"/><line nr="3869" mi="5" ci="0" mb="2" cb="0"/><line nr="3870" mi="5" ci="0" mb="0" cb="0"/><line nr="3872" mi="5" ci="0" mb="2" cb="0"/><line nr="3873" mi="5" ci="0" mb="0" cb="0"/><line nr="3875" mi="5" ci="0" mb="2" cb="0"/><line nr="3876" mi="5" ci="0" mb="0" cb="0"/><line nr="3878" mi="5" ci="0" mb="2" cb="0"/><line nr="3879" mi="5" ci="0" mb="0" cb="0"/><line nr="3881" mi="5" ci="0" mb="2" cb="0"/><line nr="3882" mi="5" ci="0" mb="0" cb="0"/><line nr="3884" mi="4" ci="0" mb="0" cb="0"/><line nr="3885" mi="1" ci="0" mb="0" cb="0"/><line nr="3889" mi="3" ci="0" mb="0" cb="0"/><line nr="3890" mi="5" ci="0" mb="2" cb="0"/><line nr="3892" mi="2" ci="0" mb="0" cb="0"/><line nr="3893" mi="5" ci="0" mb="2" cb="0"/><line nr="3894" mi="7" ci="0" mb="0" cb="0"/><line nr="3896" mi="5" ci="0" mb="2" cb="0"/><line nr="3897" mi="7" ci="0" mb="0" cb="0"/><line nr="3899" mi="5" ci="0" mb="2" cb="0"/><line nr="3900" mi="7" ci="0" mb="0" cb="0"/><line nr="3902" mi="5" ci="0" mb="2" cb="0"/><line nr="3903" mi="4" ci="0" mb="0" cb="0"/><line nr="3904" mi="3" ci="0" mb="0" cb="0"/><line nr="3906" mi="5" ci="0" mb="2" cb="0"/><line nr="3907" mi="7" ci="0" mb="0" cb="0"/><line nr="3909" mi="6" ci="0" mb="0" cb="0"/><line nr="3910" mi="3" ci="0" mb="0" cb="0"/><line nr="3911" mi="2" ci="0" mb="0" cb="0"/><line nr="3916" mi="3" ci="0" mb="2" cb="0"/><line nr="3917" mi="2" ci="0" mb="0" cb="0"/><line nr="3919" mi="3" ci="0" mb="2" cb="0"/><line nr="3920" mi="4" ci="0" mb="0" cb="0"/><line nr="3922" mi="3" ci="0" mb="0" cb="0"/><line nr="3924" mi="7" ci="0" mb="2" cb="0"/><line nr="3925" mi="3" ci="0" mb="2" cb="0"/><line nr="3926" mi="3" ci="0" mb="0" cb="0"/><line nr="3927" mi="5" ci="0" mb="2" cb="0"/><line nr="3929" mi="7" ci="0" mb="2" cb="0"/><line nr="3930" mi="3" ci="0" mb="2" cb="0"/><line nr="3931" mi="3" ci="0" mb="0" cb="0"/><line nr="3932" mi="5" ci="0" mb="2" cb="0"/><line nr="3934" mi="7" ci="0" mb="2" cb="0"/><line nr="3935" mi="3" ci="0" mb="2" cb="0"/><line nr="3936" mi="3" ci="0" mb="0" cb="0"/><line nr="3937" mi="5" ci="0" mb="2" cb="0"/><line nr="3939" mi="7" ci="0" mb="2" cb="0"/><line nr="3940" mi="3" ci="0" mb="2" cb="0"/><line nr="3941" mi="7" ci="0" mb="2" cb="0"/><line nr="3943" mi="7" ci="0" mb="2" cb="0"/><line nr="3944" mi="3" ci="0" mb="2" cb="0"/><line nr="3945" mi="3" ci="0" mb="0" cb="0"/><line nr="3946" mi="5" ci="0" mb="2" cb="0"/><line nr="3948" mi="8" ci="0" mb="2" cb="0"/><line nr="3949" mi="2" ci="0" mb="0" cb="0"/><line nr="3954" mi="3" ci="0" mb="2" cb="0"/><line nr="3955" mi="3" ci="0" mb="0" cb="0"/><line nr="3957" mi="2" ci="0" mb="0" cb="0"/><line nr="3958" mi="7" ci="0" mb="0" cb="0"/><line nr="3959" mi="3" ci="0" mb="2" cb="0"/><line nr="3960" mi="6" ci="0" mb="0" cb="0"/><line nr="3961" mi="8" ci="0" mb="0" cb="0"/><line nr="3963" mi="3" ci="0" mb="2" cb="0"/><line nr="3964" mi="6" ci="0" mb="0" cb="0"/><line nr="3965" mi="8" ci="0" mb="0" cb="0"/><line nr="3967" mi="3" ci="0" mb="2" cb="0"/><line nr="3968" mi="6" ci="0" mb="0" cb="0"/><line nr="3969" mi="8" ci="0" mb="0" cb="0"/><line nr="3971" mi="3" ci="0" mb="2" cb="0"/><line nr="3972" mi="6" ci="0" mb="0" cb="0"/><line nr="3973" mi="7" ci="0" mb="0" cb="0"/><line nr="3975" mi="3" ci="0" mb="2" cb="0"/><line nr="3976" mi="6" ci="0" mb="0" cb="0"/><line nr="3977" mi="8" ci="0" mb="0" cb="0"/><line nr="3979" mi="8" ci="0" mb="0" cb="0"/><line nr="3980" mi="3" ci="0" mb="0" cb="0"/><line nr="3981" mi="2" ci="0" mb="0" cb="0"/><line nr="3987" mi="5" ci="0" mb="0" cb="0"/><line nr="3993" mi="6" ci="0" mb="0" cb="0"/><line nr="3998" mi="5" ci="0" mb="0" cb="0"/><line nr="4004" mi="6" ci="0" mb="0" cb="0"/><line nr="4008" mi="5" ci="0" mb="0" cb="0"/><line nr="4014" mi="6" ci="0" mb="0" cb="0"/><line nr="4018" mi="3" ci="0" mb="0" cb="0"/><line nr="4019" mi="2" ci="0" mb="0" cb="0"/><line nr="4025" mi="4" ci="0" mb="0" cb="0"/><line nr="4026" mi="2" ci="0" mb="0" cb="0"/><line nr="4030" mi="3" ci="0" mb="0" cb="0"/><line nr="4031" mi="2" ci="0" mb="0" cb="0"/><line nr="4037" mi="4" ci="0" mb="0" cb="0"/><line nr="4038" mi="2" ci="0" mb="0" cb="0"/><line nr="4043" mi="3" ci="0" mb="0" cb="0"/><line nr="4044" mi="2" ci="0" mb="0" cb="0"/><line nr="4050" mi="4" ci="0" mb="0" cb="0"/><line nr="4051" mi="2" ci="0" mb="0" cb="0"/><line nr="4055" mi="2" ci="0" mb="0" cb="0"/><line nr="4057" mi="3" ci="0" mb="0" cb="0"/><line nr="4060" mi="5" ci="0" mb="0" cb="0"/><line nr="4064" mi="14" ci="0" mb="2" cb="0"/><line nr="4065" mi="1" ci="0" mb="0" cb="0"/><line nr="4071" mi="6" ci="0" mb="0" cb="0"/><line nr="4072" mi="2" ci="0" mb="0" cb="0"/><line nr="4083" mi="2" ci="0" mb="0" cb="0"/><line nr="4089" mi="4" ci="0" mb="0" cb="0"/><line nr="4090" mi="1" ci="0" mb="0" cb="0"/><line nr="4095" mi="2" ci="0" mb="0" cb="0"/><line nr="4096" mi="2" ci="0" mb="0" cb="0"/><line nr="4097" mi="1" ci="0" mb="0" cb="0"/><line nr="4101" mi="3" ci="0" mb="0" cb="0"/><line nr="4102" mi="2" ci="0" mb="0" cb="0"/><line nr="4103" mi="1" ci="0" mb="0" cb="0"/><line nr="4106" mi="2" ci="0" mb="2" cb="0"/><line nr="4108" mi="1" ci="0" mb="0" cb="0"/><line nr="4111" mi="3" ci="0" mb="0" cb="0"/><line nr="4112" mi="3" ci="0" mb="0" cb="0"/><line nr="4113" mi="6" ci="0" mb="0" cb="0"/><line nr="4114" mi="3" ci="0" mb="0" cb="0"/><line nr="4115" mi="6" ci="0" mb="0" cb="0"/><line nr="4116" mi="3" ci="0" mb="0" cb="0"/><line nr="4117" mi="6" ci="0" mb="0" cb="0"/><line nr="4118" mi="3" ci="0" mb="0" cb="0"/><line nr="4119" mi="6" ci="0" mb="0" cb="0"/><line nr="4120" mi="3" ci="0" mb="0" cb="0"/><line nr="4121" mi="6" ci="0" mb="0" cb="0"/><line nr="4122" mi="2" ci="0" mb="0" cb="0"/><line nr="4128" mi="2" ci="0" mb="0" cb="0"/><line nr="4133" mi="2" ci="0" mb="0" cb="0"/><line nr="4138" mi="3" ci="0" mb="0" cb="0"/><line nr="4139" mi="3" ci="0" mb="2" cb="0"/><line nr="4140" mi="3" ci="0" mb="0" cb="0"/><line nr="4142" mi="2" ci="0" mb="0" cb="0"/><line nr="4147" mi="6" ci="0" mb="0" cb="0"/><line nr="4148" mi="3" ci="0" mb="0" cb="0"/><line nr="4149" mi="2" ci="0" mb="0" cb="0"/><line nr="4150" mi="4" ci="0" mb="2" cb="0"/><line nr="4151" mi="4" ci="0" mb="0" cb="0"/><line nr="4153" mi="5" ci="0" mb="0" cb="0"/><line nr="4154" mi="4" ci="0" mb="2" cb="0"/><line nr="4155" mi="4" ci="0" mb="0" cb="0"/><line nr="4157" mi="5" ci="0" mb="0" cb="0"/><line nr="4158" mi="4" ci="0" mb="2" cb="0"/><line nr="4159" mi="4" ci="0" mb="0" cb="0"/><line nr="4161" mi="5" ci="0" mb="0" cb="0"/><line nr="4162" mi="4" ci="0" mb="2" cb="0"/><line nr="4163" mi="4" ci="0" mb="0" cb="0"/><line nr="4165" mi="5" ci="0" mb="0" cb="0"/><line nr="4166" mi="4" ci="0" mb="2" cb="0"/><line nr="4167" mi="4" ci="0" mb="0" cb="0"/><line nr="4169" mi="5" ci="0" mb="0" cb="0"/><line nr="4170" mi="4" ci="0" mb="0" cb="0"/><line nr="4171" mi="2" ci="0" mb="0" cb="0"/><line nr="4172" mi="2" ci="0" mb="0" cb="0"/><line nr="4177" mi="4" ci="0" mb="0" cb="0"/><line nr="4183" mi="6" ci="0" mb="0" cb="0"/><line nr="4188" mi="5" ci="0" mb="0" cb="0"/><line nr="4193" mi="5" ci="0" mb="0" cb="0"/><line nr="4199" mi="7" ci="0" mb="0" cb="0"/><line nr="4205" mi="6" ci="0" mb="0" cb="0"/><line nr="4209" mi="3" ci="0" mb="2" cb="0"/><line nr="4210" mi="5" ci="0" mb="0" cb="0"/><line nr="4212" mi="4" ci="0" mb="0" cb="0"/><line nr="4213" mi="2" ci="0" mb="0" cb="0"/><line nr="4218" mi="5" ci="0" mb="2" cb="0"/><line nr="4219" mi="3" ci="0" mb="2" cb="0"/><line nr="4220" mi="6" ci="0" mb="0" cb="0"/><line nr="4221" mi="4" ci="0" mb="0" cb="0"/><line nr="4222" mi="2" ci="0" mb="0" cb="0"/><line nr="4224" mi="3" ci="0" mb="2" cb="0"/><line nr="4225" mi="6" ci="0" mb="0" cb="0"/><line nr="4226" mi="4" ci="0" mb="0" cb="0"/><line nr="4227" mi="2" ci="0" mb="0" cb="0"/><line nr="4229" mi="3" ci="0" mb="2" cb="0"/><line nr="4230" mi="6" ci="0" mb="0" cb="0"/><line nr="4231" mi="4" ci="0" mb="0" cb="0"/><line nr="4232" mi="2" ci="0" mb="0" cb="0"/><line nr="4234" mi="3" ci="0" mb="2" cb="0"/><line nr="4235" mi="5" ci="0" mb="0" cb="0"/><line nr="4237" mi="3" ci="0" mb="2" cb="0"/><line nr="4238" mi="6" ci="0" mb="0" cb="0"/><line nr="4239" mi="4" ci="0" mb="0" cb="0"/><line nr="4240" mi="2" ci="0" mb="0" cb="0"/><line nr="4242" mi="5" ci="0" mb="0" cb="0"/><line nr="4243" mi="2" ci="0" mb="0" cb="0"/><line nr="4244" mi="2" ci="0" mb="0" cb="0"/><line nr="4249" mi="3" ci="0" mb="2" cb="0"/><line nr="4250" mi="2" ci="0" mb="0" cb="0"/><line nr="4252" mi="3" ci="0" mb="2" cb="0"/><line nr="4253" mi="2" ci="0" mb="0" cb="0"/><line nr="4255" mi="2" ci="0" mb="0" cb="0"/><line nr="4263" mi="2" ci="0" mb="0" cb="0"/><line nr="4265" mi="6" ci="0" mb="0" cb="0"/><line nr="4266" mi="1" ci="0" mb="0" cb="0"/><line nr="4267" mi="4" ci="0" mb="0" cb="0"/><line nr="4268" mi="3" ci="0" mb="0" cb="0"/><line nr="4270" mi="2" ci="0" mb="2" cb="0"/><line nr="4271" mi="4" ci="0" mb="0" cb="0"/><line nr="4274" mi="2" ci="0" mb="0" cb="0"/><line nr="4278" mi="6" ci="0" mb="0" cb="0"/><line nr="4284" mi="9" ci="0" mb="2" cb="0"/><line nr="4291" mi="3" ci="0" mb="0" cb="0"/><line nr="4292" mi="3" ci="0" mb="2" cb="0"/><line nr="4293" mi="3" ci="0" mb="0" cb="0"/><line nr="4295" mi="3" ci="0" mb="0" cb="0"/><line nr="4296" mi="3" ci="0" mb="2" cb="0"/><line nr="4297" mi="3" ci="0" mb="0" cb="0"/><line nr="4299" mi="2" ci="0" mb="0" cb="0"/><line nr="4301" mi="3" ci="0" mb="0" cb="0"/><line nr="4310" mi="3" ci="0" mb="0" cb="0"/><line nr="4311" mi="3" ci="0" mb="2" cb="0"/><line nr="4312" mi="2" ci="0" mb="0" cb="0"/><line nr="4313" mi="2" ci="0" mb="0" cb="0"/><line nr="4315" mi="3" ci="0" mb="0" cb="0"/><line nr="4316" mi="2" ci="0" mb="0" cb="0"/><line nr="4318" mi="3" ci="0" mb="0" cb="0"/><line nr="4328" mi="2" ci="0" mb="2" cb="0"/><line nr="4329" mi="4" ci="0" mb="0" cb="0"/><line nr="4331" mi="6" ci="0" mb="0" cb="0"/><line nr="4332" mi="3" ci="0" mb="0" cb="0"/><line nr="4333" mi="2" ci="0" mb="0" cb="0"/><line nr="4334" mi="2" ci="0" mb="0" cb="0"/><line nr="4341" mi="6" ci="0" mb="0" cb="0"/><line nr="4342" mi="4" ci="0" mb="0" cb="0"/><line nr="4343" mi="2" ci="0" mb="0" cb="0"/><line nr="4344" mi="2" ci="0" mb="0" cb="0"/><line nr="4353" mi="2" ci="0" mb="2" cb="0"/><line nr="4354" mi="4" ci="0" mb="0" cb="0"/><line nr="4356" mi="6" ci="0" mb="0" cb="0"/><line nr="4357" mi="3" ci="0" mb="0" cb="0"/><line nr="4358" mi="2" ci="0" mb="0" cb="0"/><line nr="4359" mi="2" ci="0" mb="0" cb="0"/><line nr="4362" mi="6" ci="0" mb="0" cb="0"/><line nr="4368" mi="9" ci="0" mb="2" cb="0"/><line nr="4375" mi="3" ci="0" mb="0" cb="0"/><line nr="4376" mi="3" ci="0" mb="2" cb="0"/><line nr="4377" mi="3" ci="0" mb="0" cb="0"/><line nr="4379" mi="3" ci="0" mb="0" cb="0"/><line nr="4380" mi="3" ci="0" mb="2" cb="0"/><line nr="4381" mi="3" ci="0" mb="0" cb="0"/><line nr="4383" mi="2" ci="0" mb="0" cb="0"/><line nr="4385" mi="3" ci="0" mb="0" cb="0"/><line nr="4394" mi="3" ci="0" mb="0" cb="0"/><line nr="4395" mi="3" ci="0" mb="2" cb="0"/><line nr="4396" mi="2" ci="0" mb="0" cb="0"/><line nr="4397" mi="2" ci="0" mb="0" cb="0"/><line nr="4399" mi="3" ci="0" mb="0" cb="0"/><line nr="4400" mi="2" ci="0" mb="0" cb="0"/><line nr="4402" mi="3" ci="0" mb="0" cb="0"/><line nr="4412" mi="2" ci="0" mb="2" cb="0"/><line nr="4413" mi="4" ci="0" mb="0" cb="0"/><line nr="4415" mi="6" ci="0" mb="0" cb="0"/><line nr="4416" mi="3" ci="0" mb="0" cb="0"/><line nr="4417" mi="2" ci="0" mb="0" cb="0"/><line nr="4418" mi="2" ci="0" mb="0" cb="0"/><line nr="4425" mi="6" ci="0" mb="0" cb="0"/><line nr="4426" mi="4" ci="0" mb="0" cb="0"/><line nr="4427" mi="2" ci="0" mb="0" cb="0"/><line nr="4428" mi="2" ci="0" mb="0" cb="0"/><line nr="4437" mi="2" ci="0" mb="2" cb="0"/><line nr="4438" mi="4" ci="0" mb="0" cb="0"/><line nr="4440" mi="6" ci="0" mb="0" cb="0"/><line nr="4441" mi="3" ci="0" mb="0" cb="0"/><line nr="4442" mi="2" ci="0" mb="0" cb="0"/><line nr="4443" mi="2" ci="0" mb="0" cb="0"/><line nr="4446" mi="6" ci="0" mb="0" cb="0"/><line nr="4452" mi="9" ci="0" mb="2" cb="0"/><line nr="4459" mi="3" ci="0" mb="0" cb="0"/><line nr="4460" mi="3" ci="0" mb="2" cb="0"/><line nr="4461" mi="3" ci="0" mb="0" cb="0"/><line nr="4463" mi="3" ci="0" mb="0" cb="0"/><line nr="4464" mi="3" ci="0" mb="2" cb="0"/><line nr="4465" mi="3" ci="0" mb="0" cb="0"/><line nr="4467" mi="2" ci="0" mb="0" cb="0"/><line nr="4469" mi="3" ci="0" mb="0" cb="0"/><line nr="4478" mi="3" ci="0" mb="0" cb="0"/><line nr="4479" mi="3" ci="0" mb="2" cb="0"/><line nr="4480" mi="2" ci="0" mb="0" cb="0"/><line nr="4481" mi="2" ci="0" mb="0" cb="0"/><line nr="4483" mi="3" ci="0" mb="0" cb="0"/><line nr="4484" mi="2" ci="0" mb="0" cb="0"/><line nr="4486" mi="3" ci="0" mb="0" cb="0"/><line nr="4496" mi="2" ci="0" mb="2" cb="0"/><line nr="4497" mi="4" ci="0" mb="0" cb="0"/><line nr="4499" mi="6" ci="0" mb="0" cb="0"/><line nr="4500" mi="3" ci="0" mb="0" cb="0"/><line nr="4501" mi="2" ci="0" mb="0" cb="0"/><line nr="4502" mi="2" ci="0" mb="0" cb="0"/><line nr="4509" mi="6" ci="0" mb="0" cb="0"/><line nr="4510" mi="4" ci="0" mb="0" cb="0"/><line nr="4511" mi="2" ci="0" mb="0" cb="0"/><line nr="4512" mi="2" ci="0" mb="0" cb="0"/><line nr="4521" mi="2" ci="0" mb="2" cb="0"/><line nr="4522" mi="4" ci="0" mb="0" cb="0"/><line nr="4524" mi="6" ci="0" mb="0" cb="0"/><line nr="4525" mi="3" ci="0" mb="0" cb="0"/><line nr="4526" mi="2" ci="0" mb="0" cb="0"/><line nr="4527" mi="2" ci="0" mb="0" cb="0"/><line nr="4530" mi="6" ci="0" mb="0" cb="0"/><line nr="4536" mi="9" ci="0" mb="2" cb="0"/><line nr="4545" mi="4" ci="0" mb="0" cb="0"/><line nr="4546" mi="6" ci="0" mb="2" cb="0"/><line nr="4554" mi="2" ci="0" mb="2" cb="0"/><line nr="4555" mi="4" ci="0" mb="0" cb="0"/><line nr="4557" mi="6" ci="0" mb="0" cb="0"/><line nr="4558" mi="4" ci="0" mb="0" cb="0"/><line nr="4559" mi="2" ci="0" mb="0" cb="0"/><line nr="4560" mi="2" ci="0" mb="0" cb="0"/><line nr="4567" mi="6" ci="0" mb="0" cb="0"/><line nr="4568" mi="3" ci="0" mb="0" cb="0"/><line nr="4569" mi="2" ci="0" mb="0" cb="0"/><line nr="4570" mi="2" ci="0" mb="0" cb="0"/><line nr="4573" mi="6" ci="0" mb="0" cb="0"/><line nr="4579" mi="9" ci="0" mb="2" cb="0"/><line nr="4586" mi="3" ci="0" mb="0" cb="0"/><line nr="4587" mi="3" ci="0" mb="2" cb="0"/><line nr="4588" mi="3" ci="0" mb="0" cb="0"/><line nr="4590" mi="3" ci="0" mb="0" cb="0"/><line nr="4591" mi="3" ci="0" mb="2" cb="0"/><line nr="4592" mi="3" ci="0" mb="0" cb="0"/><line nr="4594" mi="2" ci="0" mb="0" cb="0"/><line nr="4596" mi="3" ci="0" mb="0" cb="0"/><line nr="4605" mi="3" ci="0" mb="0" cb="0"/><line nr="4606" mi="3" ci="0" mb="2" cb="0"/><line nr="4607" mi="2" ci="0" mb="0" cb="0"/><line nr="4608" mi="2" ci="0" mb="0" cb="0"/><line nr="4610" mi="3" ci="0" mb="0" cb="0"/><line nr="4611" mi="2" ci="0" mb="0" cb="0"/><line nr="4613" mi="3" ci="0" mb="0" cb="0"/><line nr="4623" mi="2" ci="0" mb="2" cb="0"/><line nr="4624" mi="4" ci="0" mb="0" cb="0"/><line nr="4626" mi="6" ci="0" mb="0" cb="0"/><line nr="4627" mi="3" ci="0" mb="0" cb="0"/><line nr="4628" mi="2" ci="0" mb="0" cb="0"/><line nr="4629" mi="2" ci="0" mb="0" cb="0"/><line nr="4636" mi="6" ci="0" mb="0" cb="0"/><line nr="4637" mi="4" ci="0" mb="0" cb="0"/><line nr="4638" mi="2" ci="0" mb="0" cb="0"/><line nr="4639" mi="2" ci="0" mb="0" cb="0"/><line nr="4648" mi="2" ci="0" mb="2" cb="0"/><line nr="4649" mi="4" ci="0" mb="0" cb="0"/><line nr="4651" mi="6" ci="0" mb="0" cb="0"/><line nr="4652" mi="3" ci="0" mb="0" cb="0"/><line nr="4653" mi="2" ci="0" mb="0" cb="0"/><line nr="4654" mi="2" ci="0" mb="0" cb="0"/><line nr="4659" mi="5" ci="0" mb="0" cb="0"/><line nr="4665" mi="5" ci="0" mb="0" cb="0"/><line nr="4675" mi="4" ci="0" mb="0" cb="0"/><line nr="4679" mi="2" ci="0" mb="0" cb="0"/><line nr="4683" mi="8" ci="0" mb="0" cb="0"/><line nr="4689" mi="7" ci="0" mb="0" cb="0"/><line nr="4694" mi="2" ci="0" mb="0" cb="0"/><line nr="4699" mi="2" ci="0" mb="0" cb="0"/><line nr="4704" mi="2" ci="0" mb="0" cb="0"/><line nr="4732" mi="2" ci="0" mb="0" cb="0"/><line nr="4737" mi="7" ci="0" mb="0" cb="0"/><line nr="4785" mi="3" ci="0" mb="0" cb="0"/><line nr="4786" mi="2" ci="0" mb="0" cb="0"/><line nr="4790" mi="6" ci="0" mb="0" cb="0"/><line nr="4791" mi="31" ci="0" mb="0" cb="0"/><line nr="4796" mi="6" ci="0" mb="0" cb="0"/><line nr="4797" mi="11" ci="0" mb="0" cb="0"/><line nr="4802" mi="6" ci="0" mb="0" cb="0"/><line nr="4803" mi="11" ci="0" mb="0" cb="0"/><line nr="4808" mi="6" ci="0" mb="0" cb="0"/><line nr="4809" mi="27" ci="0" mb="0" cb="0"/><line nr="4813" mi="1" ci="0" mb="0" cb="0"/><counter type="INSTRUCTION" missed="6329" covered="0"/><counter type="BRANCH" missed="695" covered="0"/><counter type="LINE" missed="1676" covered="0"/><counter type="COMPLEXITY" missed="756" covered="0"/><counter type="METHOD" missed="371" covered="0"/><counter type="CLASS" missed="17" covered="0"/></sourcefile><counter type="INSTRUCTION" missed="6672" covered="0"/><counter type="BRANCH" missed="710" covered="0"/><counter type="LINE" missed="1785" covered="0"/><counter type="COMPLEXITY" missed="800" covered="0"/><counter type="METHOD" missed="407" covered="0"/><counter type="CLASS" missed="29" covered="0"/></package><counter type="INSTRUCTION" missed="17339" covered="98"/><counter type="BRANCH" missed="1062" covered="2"/><counter type="LINE" missed="3213" covered="16"/><counter type="COMPLEXITY" missed="2776" covered="10"/><counter type="METHOD" missed="2206" covered="10"/><counter type="CLASS" missed="173" covered="1"/></report>