GROUP,PACKAGE,CLASS,INSTRUCTION_MISSED,INSTRUCTION_COVERED,BRANCH_MISSED,BRANCH_COVERED,LINE_MISSED,LINE_COVERED,COMPLEXITY_MISSED,COMPLEXITY_COVERED,METHOD_MISSED,METHOD_COVERED
report/wechaty-puppet_2.12,wechaty.puppet.schemas,Friendship.,8,0,0,0,2,0,2,0,2,0
report/wechaty-puppet_2.12,wechaty.puppet.schemas,Puppet.PuppetOptions,14,39,0,0,0,7,4,7,4,7
report/wechaty-puppet_2.12,wechaty.puppet.schemas,Event.ScanStatus.,15,41,0,0,0,7,5,3,5,3
report/wechaty-puppet_2.12,wechaty.puppet.schemas,Friendship.FriendshipSceneType.,36,68,0,0,0,13,12,2,12,2
report/wechaty-puppet_2.12,wechaty.puppet.schemas,Contact.ContactPayload,30,64,0,0,0,15,10,17,10,17
report/wechaty-puppet_2.12,wechaty.puppet.schemas,Event.EventLoginPayload,0,10,0,0,0,2,0,3,0,3
report/wechaty-puppet_2.12,wechaty.puppet.schemas,RoomInvitation.,8,0,0,0,2,0,2,0,2,0
report/wechaty-puppet_2.12,wechaty.puppet.schemas,Puppet,17,0,0,0,0,0,5,0,5,0
report/wechaty-puppet_2.12,wechaty.puppet.schemas,Friendship.FriendshipPayloadReceive,9,15,0,0,0,4,3,4,3,4
report/wechaty-puppet_2.12,wechaty.puppet.schemas,Message.WechatAppMessageType.,160,0,0,0,20,0,21,0,21,0
report/wechaty-puppet_2.12,wechaty.puppet.schemas,Puppet.PuppetEventName.,0,144,0,0,0,18,0,19,0,19
report/wechaty-puppet_2.12,wechaty.puppet.schemas,Event.EventMessagePayload,0,10,0,0,0,2,0,3,0,3
report/wechaty-puppet_2.12,wechaty.puppet.schemas,UrlLink.UrlLinkPayload,31,0,0,0,6,0,9,0,9,0
report/wechaty-puppet_2.12,wechaty.puppet.schemas,RoomInvitation.RoomInvitationPayload,66,0,0,0,11,0,19,0,19,0
report/wechaty-puppet_2.12,wechaty.puppet.schemas,Friendship.FriendshipPayload,13,25,0,0,1,6,4,7,4,7
report/wechaty-puppet_2.12,wechaty.puppet.schemas,MiniProgram.MiniProgramPayload,66,0,0,0,11,0,19,0,19,0
report/wechaty-puppet_2.12,wechaty.puppet.schemas,Room.RoomPayload,15,30,0,0,0,8,5,8,5,8
report/wechaty-puppet_2.12,wechaty.puppet.schemas,Contact.ContactGender.,0,32,0,0,0,4,0,5,0,5
report/wechaty-puppet_2.12,wechaty.puppet.schemas,Event.EventScanPayload,0,30,0,0,0,5,0,8,0,8
report/wechaty-puppet_2.12,wechaty.puppet.schemas,Friendship.FriendshipPayloadVerify,3,0,0,0,1,0,1,0,1,0
report/wechaty-puppet_2.12,wechaty.puppet.schemas,Message.MessageType.,33,88,0,0,0,17,11,7,11,7
report/wechaty-puppet_2.12,wechaty.puppet.schemas,Friendship.FriendshipType.,12,28,0,0,0,5,4,2,4,2
report/wechaty-puppet_2.12,wechaty.puppet.schemas,MiniProgram.,8,0,0,0,2,0,2,0,2,0
report/wechaty-puppet_2.12,wechaty.puppet.schemas,Event.EventRoomInvitePayload,0,10,0,0,0,2,0,3,0,3
report/wechaty-puppet_2.12,wechaty.puppet.schemas,Event.EventRoomJoinPayload,4,27,0,0,0,5,1,8,1,8
report/wechaty-puppet_2.12,wechaty.puppet.schemas,UrlLink.,8,0,0,0,2,0,2,0,2,0
report/wechaty-puppet_2.12,wechaty.puppet.schemas,Contact.,8,0,0,0,2,0,2,0,2,0
report/wechaty-puppet_2.12,wechaty.puppet.schemas,Room.RoomMemberPayload,12,26,0,0,0,7,4,7,4,7
report/wechaty-puppet_2.12,wechaty.puppet.schemas,Event.EventRoomLeavePayload,4,27,0,0,0,5,1,8,1,8
report/wechaty-puppet_2.12,wechaty.puppet.schemas,Image.,8,0,0,0,2,0,2,0,2,0
report/wechaty-puppet_2.12,wechaty.puppet.schemas,Friendship.FriendshipPayloadConfirm,0,3,0,0,0,1,0,1,0,1
report/wechaty-puppet_2.12,wechaty.puppet.schemas,Room.RoomMemberQueryFilter,24,0,0,0,5,0,7,0,7,0
report/wechaty-puppet_2.12,wechaty.puppet.schemas,Event.,8,0,0,0,2,0,2,0,2,0
report/wechaty-puppet_2.12,wechaty.puppet.schemas,Image.ImageType.,40,0,0,0,5,0,6,0,6,0
report/wechaty-puppet_2.12,wechaty.puppet.schemas,Event.EventRoomTopicPayload,14,24,0,0,1,5,4,7,4,7
report/wechaty-puppet_2.12,wechaty.puppet.schemas,Puppet.,0,291,3,11,0,28,3,13,0,9
report/wechaty-puppet_2.12,wechaty.puppet.schemas,Message.,8,0,0,0,2,0,2,0,2,0
report/wechaty-puppet_2.12,wechaty.puppet.schemas,Event.BaseEventPayload,0,10,0,0,0,2,0,3,0,3
report/wechaty-puppet_2.12,wechaty.puppet.schemas,Message.WechatMessageType.,192,0,0,0,24,0,25,0,25,0
report/wechaty-puppet_2.12,wechaty.puppet.schemas,Message.MessagePayload,12,54,0,0,0,11,4,15,4,15
report/wechaty-puppet_2.12,wechaty.puppet.schemas,Event.ScalaEnumerationSerializer,0,8,0,0,0,2,0,2,0,2
report/wechaty-puppet_2.12,wechaty.puppet.schemas,Friendship.FriendshipSearchCondition,17,0,0,0,4,0,5,0,5,0
report/wechaty-puppet_2.12,wechaty.puppet.schemas,Room.,8,0,0,0,2,0,2,0,2,0
report/wechaty-puppet_2.12,wechaty.puppet.schemas,Event.EventFriendshipPayload,0,10,0,0,0,2,0,3,0,3
report/wechaty-puppet_2.12,wechaty.puppet.schemas,Contact.ContactType.,3,36,0,0,0,5,1,5,1,5
report/wechaty-puppet_2.12,wechaty.puppet.schemas,Message.MessageQueryFilter,45,0,0,0,8,0,13,0,13,0
report/wechaty-puppet_2.12,wechaty.puppet.schemas,Event.EventLogoutPayload,17,0,0,0,3,0,5,0,5,0
report/wechaty-puppet_2.12,wechaty.puppet.schemas,Contact.ContactQueryFilter,31,0,0,0,6,0,9,0,9,0
report/wechaty-puppet_2.12,wechaty.puppet.support,RoomInvitationSupport,13,6,0,0,2,2,2,1,2,1
report/wechaty-puppet_2.12,wechaty.puppet.support,CacheSupport,0,6,0,0,0,2,0,2,0,2
report/wechaty-puppet_2.12,wechaty.puppet.support,FriendshipSupport,15,38,1,3,2,11,1,4,0,3
report/wechaty-puppet_2.12,wechaty.puppet.support,MessageSupport,285,174,86,18,24,24,50,6,0,4
report/wechaty-puppet_2.12,wechaty.puppet.support,RoomMemberSupport,43,57,3,3,6,10,6,4,3,4
report/wechaty-puppet_2.12,wechaty.puppet.support,ContactSupport,7,88,3,5,1,13,3,5,0,4
report/wechaty-puppet_2.12,wechaty.puppet.support,RoomSupport,42,105,4,4,6,19,4,8,1,7
report/wechaty-puppet_2.12,wechaty.puppet,ResourceBox.StreamResourceBox,36,0,0,0,4,0,8,0,8,0
report/wechaty-puppet_2.12,wechaty.puppet,ResourceBox,20,1,0,0,1,1,5,1,5,1
report/wechaty-puppet_2.12,wechaty.puppet,ResourceBox.FileResourceBox,10,28,0,0,2,2,3,5,3,5
report/wechaty-puppet_2.12,wechaty.puppet,ResourceBox.Base64ResourceBox,8,57,0,0,1,8,2,6,2,6
report/wechaty-puppet_2.12,wechaty.puppet,Puppet,0,17,0,0,0,6,0,2,0,2
report/wechaty-puppet_2.12,wechaty.puppet,ResourceBox.AbstractResourceBox,0,65,1,1,0,11,1,5,0,5
report/wechaty-puppet_2.12,wechaty.puppet,ResourceBox.ResourceBoxType.,18,46,0,0,0,8,6,3,6,3
report/wechaty-puppet_2.12,wechaty.puppet,ResourceBox.UrlResourceBox,39,49,0,0,7,7,3,6,3,6
report/wechaty-puppet_2.12,wechaty.puppet,ResourceBox.,46,63,10,2,3,11,6,6,0,6
report/wechaty-puppet_2.12,wechaty.puppet.events,EventEmitter,0,134,0,4,0,13,0,10,0,8
report/wechaty-puppet-hostie_2.12,wechaty.hostie,PuppetHostie,338,380,11,9,22,13,59,74,51,72
report/wechaty-puppet-hostie_2.12,wechaty.hostie,Configuration.,54,62,8,4,4,6,7,5,2,4
report/wechaty-puppet-hostie_2.12,wechaty.hostie,Configuration,6,0,0,0,0,0,2,0,2,0
report/wechaty-puppet-hostie_2.12,wechaty.hostie.support,GrpcSupport..anon.new StreamObserver() {...},15,25,1,1,1,6,2,3,1,3
report/wechaty-puppet-hostie_2.12,wechaty.hostie.support,MessageRawSupport,216,182,7,3,44,32,14,6,9,6
report/wechaty-puppet-hostie_2.12,wechaty.hostie.support,GrpcSupport..anon.new StreamObserver() {...},12,0,0,0,5,0,4,0,4,0
report/wechaty-puppet-hostie_2.12,wechaty.hostie.support,ContactSelfRawSupport,44,1,0,0,10,1,4,1,4,1
report/wechaty-puppet-hostie_2.12,wechaty.hostie.support,FriendshipRawSupport,60,86,3,3,15,22,5,4,3,3
report/wechaty-puppet-hostie_2.12,wechaty.hostie.support,GrpcSupport,191,191,17,5,16,33,14,9,3,9
report/wechaty-puppet-hostie_2.12,wechaty.hostie.support,TagRawSupport,89,1,0,0,20,1,5,1,5,1
report/wechaty-puppet-hostie_2.12,wechaty.hostie.support,RoomInvitationRawSupport,66,13,0,0,14,4,1,2,1,2
report/wechaty-puppet-hostie_2.12,wechaty.hostie.support,RoomMemberRawSupport,56,41,0,0,13,12,3,3,3,3
report/wechaty-puppet-hostie_2.12,wechaty.hostie.support,ContactRawSupport,165,99,12,0,27,23,14,6,8,6
report/wechaty-puppet-hostie_2.12,wechaty.hostie.support,GrpcEventSupport,173,269,24,26,15,38,23,9,3,4
report/wechaty-puppet-hostie_2.12,wechaty.hostie.support,RoomRawSupport,125,81,0,0,34,15,8,3,8,3
report/wechaty-puppet-padplus_2.12,wechaty.padplus.schemas,GrpcSchemas.GrpcMessagePayload,0,178,0,0,0,27,0,51,0,51
report/wechaty-puppet-padplus_2.12,wechaty.padplus.schemas,PadplusEnums.AutoLoginError.,22,0,0,0,3,0,4,0,4,0
report/wechaty-puppet-padplus_2.12,wechaty.padplus.schemas,ModelRoom.GrpcRoomPayload,220,0,0,0,33,0,63,0,63,0
report/wechaty-puppet-padplus_2.12,wechaty.padplus.schemas,GrpcSchemas.GrpcContactOperationOption,31,0,0,0,6,0,9,0,9,0
report/wechaty-puppet-padplus_2.12,wechaty.padplus.schemas,ModelRoom.PadplusRoomInvitationPayload,52,0,0,0,9,0,15,0,15,0
report/wechaty-puppet-padplus_2.12,wechaty.padplus.schemas,PadplusEnums.ContactOperationCmdId.,24,0,0,0,3,0,4,0,4,0
report/wechaty-puppet-padplus_2.12,wechaty.padplus.schemas,PadplusEnums.GrpcVoiceFormat.,40,0,0,0,5,0,6,0,6,0
report/wechaty-puppet-padplus_2.12,wechaty.padplus.schemas,ModelFriendship.FriendshipPayloadReceive,17,0,0,0,3,0,5,0,5,0
report/wechaty-puppet-padplus_2.12,wechaty.padplus.schemas,PadplusEnums.QrcodeStatus.,48,0,0,0,6,0,7,0,7,0
report/wechaty-puppet-padplus_2.12,wechaty.padplus.schemas,PadplusEnums.RequestStatus.,24,0,0,0,3,0,4,0,4,0
report/wechaty-puppet-padplus_2.12,wechaty.padplus.schemas,ModelEvent.RoomInviteEvent,52,0,0,0,9,0,15,0,15,0
report/wechaty-puppet-padplus_2.12,wechaty.padplus.schemas,GrpcSchemas.GrpcQrCodeStatus,31,0,0,0,6,0,9,0,9,0
report/wechaty-puppet-padplus_2.12,wechaty.padplus.schemas,ModelFriendship.,8,0,0,0,2,0,2,0,2,0
report/wechaty-puppet-padplus_2.12,wechaty.padplus.schemas,PadplusEnums.LoginStatus.,16,0,0,0,2,0,3,0,3,0
report/wechaty-puppet-padplus_2.12,wechaty.padplus.schemas,GrpcSchemas.GrpcQrCodeLogin,52,0,0,0,9,0,15,0,15,0
report/wechaty-puppet-padplus_2.12,wechaty.padplus.schemas,ModelFriendship.FriendshipPayloadConfirm,3,0,0,0,1,0,1,0,1,0
report/wechaty-puppet-padplus_2.12,wechaty.padplus.schemas,ModelRoom.PadplusRoomPayload,94,0,0,0,14,0,27,0,27,0
report/wechaty-puppet-padplus_2.12,wechaty.padplus.schemas,ModelRoom.PadplusRoomInviteEvent,52,0,0,0,9,0,15,0,15,0
report/wechaty-puppet-padplus_2.12,wechaty.padplus.schemas,GrpcSchemas.GrpcRoomRawPayload,108,0,0,0,17,0,31,0,31,0
report/wechaty-puppet-padplus_2.12,wechaty.padplus.schemas,ModelMessage.PadplusMessagePayload,0,150,0,0,0,23,0,43,0,43
report/wechaty-puppet-padplus_2.12,wechaty.padplus.schemas,GrpcSchemas.GrpcDeletedPayload,17,0,0,0,4,0,5,0,5,0
report/wechaty-puppet-padplus_2.12,wechaty.padplus.schemas,ModelContact.SetContactSelfInfoGrpcResponse,52,0,0,0,9,0,15,0,15,0
report/wechaty-puppet-padplus_2.12,wechaty.padplus.schemas,GrpcSchemas.GrpcGetCdnDnsPayload.snsCdn,38,0,2,0,6,0,10,0,9,0
report/wechaty-puppet-padplus_2.12,wechaty.padplus.schemas,PadplusEnums.PadplusRoomMemberFlag.,32,0,0,0,4,0,5,0,5,0
report/wechaty-puppet-padplus_2.12,wechaty.padplus.schemas,ModelMessage.,8,0,0,0,2,0,2,0,2,0
report/wechaty-puppet-padplus_2.12,wechaty.padplus.schemas,ModelMessage.PadplusLocationMessagePayload,59,0,0,0,10,0,17,0,17,0
report/wechaty-puppet-padplus_2.12,wechaty.padplus.schemas,ModelRoom.PadplusRoomMemberMap,10,0,0,0,3,0,3,0,3,0
report/wechaty-puppet-padplus_2.12,wechaty.padplus.schemas,ModelTag.TagOtherOperationsGrpcResponse,45,0,0,0,8,0,13,0,13,0
report/wechaty-puppet-padplus_2.12,wechaty.padplus.schemas,PadplusEnums.RoomAddTypeStatus.,32,0,0,0,4,0,5,0,5,0
report/wechaty-puppet-padplus_2.12,wechaty.padplus.schemas,GrpcSchemas.GrpcGetA8KeyType,24,0,0,0,5,0,7,0,7,0
report/wechaty-puppet-padplus_2.12,wechaty.padplus.schemas,GrpcSchemas.GrpcGetCdnDnsPayload.appCdn,38,0,2,0,6,0,10,0,9,0
report/wechaty-puppet-padplus_2.12,wechaty.padplus.schemas,PadplusEnums.PadplusMessageStatus.,16,0,0,0,2,0,3,0,3,0
report/wechaty-puppet-padplus_2.12,wechaty.padplus.schemas,ModelMessage.PadplusEmojiMessagePayload,38,0,0,0,7,0,11,0,11,0
report/wechaty-puppet-padplus_2.12,wechaty.padplus.schemas,ModelRoom.GrpcCreateRoomMember,17,0,0,0,4,0,5,0,5,0
report/wechaty-puppet-padplus_2.12,wechaty.padplus.schemas,GrpcSchemas.GrpcGetMsgVoiceType,10,0,0,0,3,0,3,0,3,0
report/wechaty-puppet-padplus_2.12,wechaty.padplus.schemas,ModelMessage.PadplusVideoMessagePayload,94,0,0,0,15,0,27,0,27,0
report/wechaty-puppet-padplus_2.12,wechaty.padplus.schemas,GrpcSchemas.GrpcQrCode,17,0,0,0,4,0,5,0,5,0
report/wechaty-puppet-padplus_2.12,wechaty.padplus.schemas,ModelMessage.PadplusRecalledMessagePayload,31,0,0,0,6,0,9,0,9,0
report/wechaty-puppet-padplus_2.12,wechaty.padplus.schemas,PadplusEnums.PadplusEmojiType.,32,0,0,0,4,0,5,0,5,0
report/wechaty-puppet-padplus_2.12,wechaty.padplus.schemas,GrpcSchemas.GrpcCreateRoomMemberPayload,17,0,0,0,4,0,5,0,5,0
report/wechaty-puppet-padplus_2.12,wechaty.padplus.schemas,PadplusEnums.PadplusAutoLoginErrorType.,50,0,0,0,7,0,8,0,8,0
report/wechaty-puppet-padplus_2.12,wechaty.padplus.schemas,ModelUser.,8,0,0,0,2,0,2,0,2,0
report/wechaty-puppet-padplus_2.12,wechaty.padplus.schemas,ModelFriendship.PadplusRequestTokenPayload,38,0,0,0,7,0,11,0,11,0
report/wechaty-puppet-padplus_2.12,wechaty.padplus.schemas,ModelRoom.,8,0,0,0,2,0,2,0,2,0
report/wechaty-puppet-padplus_2.12,wechaty.padplus.schemas,GrpcSchemas.GrpcRoomMemberDetail,52,0,0,0,9,0,15,0,15,0
report/wechaty-puppet-padplus_2.12,wechaty.padplus.schemas,GrpcSchemas.GrpcGetContactQrcodePayload,17,0,0,0,4,0,5,0,5,0
report/wechaty-puppet-padplus_2.12,wechaty.padplus.schemas,ModelUser.PadplusQrcodeLogin,45,0,0,0,8,0,13,0,13,0
report/wechaty-puppet-padplus_2.12,wechaty.padplus.schemas,ModelMessage.PadplusAppMessagePayload,66,0,0,0,11,0,19,0,19,0
report/wechaty-puppet-padplus_2.12,wechaty.padplus.schemas,PadplusEnums.GrpcMQType.,80,0,0,0,10,0,11,0,11,0
report/wechaty-puppet-padplus_2.12,wechaty.padplus.schemas,PadplusError.PadplusError,9,0,0,0,1,0,2,0,2,0
report/wechaty-puppet-padplus_2.12,wechaty.padplus.schemas,GrpcSchemas.GrpcRoomMemberRawPayload,24,0,0,0,5,0,7,0,7,0
report/wechaty-puppet-padplus_2.12,wechaty.padplus.schemas,PadplusEnums.ContactType.,32,0,0,0,4,0,5,0,5,0
report/wechaty-puppet-padplus_2.12,wechaty.padplus.schemas,ModelRoom.GrpcGetAnnouncementData,38,0,0,0,7,0,11,0,11,0
report/wechaty-puppet-padplus_2.12,wechaty.padplus.schemas,ModelFriendship.PadplusFriendshipPayload,38,0,0,0,7,0,11,0,11,0
report/wechaty-puppet-padplus_2.12,wechaty.padplus.schemas,ModelEvent.,8,0,0,0,2,0,2,0,2,0
report/wechaty-puppet-padplus_2.12,wechaty.padplus.schemas,ModelMessage.PadplusImageMessagePayload,115,0,0,0,18,0,33,0,33,0
report/wechaty-puppet-padplus_2.12,wechaty.padplus.schemas,ModelFriendship.FriendshipPayloadVerify,3,0,0,0,1,0,1,0,1,0
report/wechaty-puppet-padplus_2.12,wechaty.padplus.schemas,ModelTag.,8,0,0,0,2,0,2,0,2,0
report/wechaty-puppet-padplus_2.12,wechaty.padplus.schemas,PadplusEnums.PadplusContinue.,24,0,0,0,3,0,4,0,4,0
report/wechaty-puppet-padplus_2.12,wechaty.padplus.schemas,ModelContact.PadplusContactPayload,0,122,0,0,0,18,0,35,0,35
report/wechaty-puppet-padplus_2.12,wechaty.padplus.schemas,ModelTag.TagPayload,17,0,0,0,4,0,5,0,5,0
report/wechaty-puppet-padplus_2.12,wechaty.padplus.schemas,ModelMessage.PadplusAppAttachPayload,66,0,0,0,11,0,19,0,19,0
report/wechaty-puppet-padplus_2.12,wechaty.padplus.schemas,ModelUser.PadplusQrcodeStatus,31,0,0,0,6,0,9,0,9,0
report/wechaty-puppet-padplus_2.12,wechaty.padplus.schemas,PadplusEnums.ContactOperationBitVal.,64,0,0,0,8,0,9,0,9,0
report/wechaty-puppet-padplus_2.12,wechaty.padplus.schemas,PadplusEnums.SearchContactTypeStatus.,120,0,0,0,15,0,16,0,16,0
report/wechaty-puppet-padplus_2.12,wechaty.padplus.schemas,ModelContact.ContactSelfUpdateInfo,31,0,0,0,6,0,9,0,9,0
report/wechaty-puppet-padplus_2.12,wechaty.padplus.schemas,PadplusEnums.GrpcA8KeyScene.,40,0,0,0,5,0,6,0,6,0
report/wechaty-puppet-padplus_2.12,wechaty.padplus.schemas,PadplusEnums.CDNFileType.,48,0,0,0,6,0,7,0,7,0
report/wechaty-puppet-padplus_2.12,wechaty.padplus.schemas,GrpcSchemas.GrpcLoginDeviceInfo,73,0,0,0,12,0,21,0,21,0
report/wechaty-puppet-padplus_2.12,wechaty.padplus.schemas,ModelEvent.RoomLeaveEvent,31,0,0,0,6,0,9,0,9,0
report/wechaty-puppet-padplus_2.12,wechaty.padplus.schemas,ModelRoom.GrpcRoomMemberList,17,0,0,0,4,0,5,0,5,0
report/wechaty-puppet-padplus_2.12,wechaty.padplus.schemas,ModelRoom.GrpcAccpetRoomInvitation,73,0,0,0,12,0,21,0,21,0
report/wechaty-puppet-padplus_2.12,wechaty.padplus.schemas,PadplusEnums.PadplusPayloadType.,40,0,0,0,5,0,6,0,6,0
report/wechaty-puppet-padplus_2.12,wechaty.padplus.schemas,ModelContact.GrpcContactPayload,0,213,0,0,0,32,0,61,0,61
report/wechaty-puppet-padplus_2.12,wechaty.padplus.schemas,ModelFriendship.AddContactGrpcResponse,10,0,0,0,3,0,3,0,3,0
report/wechaty-puppet-padplus_2.12,wechaty.padplus.schemas,ModelUser.ScanData,45,0,0,0,8,0,13,0,13,0
report/wechaty-puppet-padplus_2.12,wechaty.padplus.schemas,ModelUser.PadplusQrcode,17,0,0,0,4,0,5,0,5,0
report/wechaty-puppet-padplus_2.12,wechaty.padplus.schemas,GrpcSchemas.,8,0,0,0,2,0,2,0,2,0
report/wechaty-puppet-padplus_2.12,wechaty.padplus.schemas,ModelTag.TagNewOrListGrpcResponse,52,0,0,0,9,0,15,0,15,0
report/wechaty-puppet-padplus_2.12,wechaty.padplus.schemas,PadplusEnums.FriendshipType.,40,0,0,0,5,0,6,0,6,0
report/wechaty-puppet-padplus_2.12,wechaty.padplus.schemas,ModelTag.TagGrpcPayload,17,0,0,0,4,0,5,0,5,0
report/wechaty-puppet-padplus_2.12,wechaty.padplus.schemas,PadplusError.,8,0,0,0,2,0,2,0,2,0
report/wechaty-puppet-padplus_2.12,wechaty.padplus.schemas,PadplusEnums.,8,0,0,0,2,0,2,0,2,0
report/wechaty-puppet-padplus_2.12,wechaty.padplus.schemas,GrpcSchemas.GrpcGetMsgImageType,10,0,0,0,3,0,3,0,3,0
report/wechaty-puppet-padplus_2.12,wechaty.padplus.schemas,PadplusEnums.GrpcSelfAvatarType.,24,0,0,0,3,0,4,0,4,0
report/wechaty-puppet-padplus_2.12,wechaty.padplus.schemas,ModelContact.ContactQrcodeGrpcResponse,59,0,0,0,10,0,17,0,17,0
report/wechaty-puppet-padplus_2.12,wechaty.padplus.schemas,GrpcSchemas.LoginDeviceInfo,66,0,0,0,11,0,19,0,19,0
report/wechaty-puppet-padplus_2.12,wechaty.padplus.schemas,ModelUser.GrpcLoginData,66,0,0,0,11,0,19,0,19,0
report/wechaty-puppet-padplus_2.12,wechaty.padplus.schemas,PadplusEnums.PadplusErrorType.,36,0,0,0,5,0,6,0,6,0
report/wechaty-puppet-padplus_2.12,wechaty.padplus.schemas,ModelMessage.PadplusRecallData,3,0,0,0,2,0,1,0,1,0
report/wechaty-puppet-padplus_2.12,wechaty.padplus.schemas,PadplusEnums.EncryptionServiceError.,22,0,0,0,3,0,4,0,4,0
report/wechaty-puppet-padplus_2.12,wechaty.padplus.schemas,ModelEvent.RoomTopicEvent,31,0,0,0,6,0,9,0,9,0
report/wechaty-puppet-padplus_2.12,wechaty.padplus.schemas,GrpcSchemas.GrpcGetCdnDnsPayload,10,0,0,0,3,0,3,0,3,0
report/wechaty-puppet-padplus_2.12,wechaty.padplus.schemas,GrpcSchemas.GrpcGetCdnDnsPayload.dnsCdn,38,0,2,0,6,0,10,0,9,0
report/wechaty-puppet-padplus_2.12,wechaty.padplus.schemas,PadplusEnums.PadplusMessageType.,0,200,0,0,0,25,0,26,0,26
report/wechaty-puppet-padplus_2.12,wechaty.padplus.schemas,ModelFriendship.FriendshipPayloadBase,31,0,0,0,6,0,9,0,9,0
report/wechaty-puppet-padplus_2.12,wechaty.padplus.schemas,PadplusEnums.WechatAppMessageType.,176,0,0,0,22,0,23,0,23,0
report/wechaty-puppet-padplus_2.12,wechaty.padplus.schemas,ModelRoom.GrpcCreateRoomData,31,0,0,0,6,0,9,0,9,0
report/wechaty-puppet-padplus_2.12,wechaty.padplus.schemas,ModelMessage.PadplusVoiceMessagePayload,73,0,0,0,12,0,21,0,21,0
report/wechaty-puppet-padplus_2.12,wechaty.padplus.schemas,ModelTag.TagNewOrListResponse,52,0,0,0,9,0,15,0,15,0
report/wechaty-puppet-padplus_2.12,wechaty.padplus.schemas,ModelUser.LogoutGrpcResponse,31,0,0,0,6,0,9,0,9,0
report/wechaty-puppet-padplus_2.12,wechaty.padplus.schemas,GrpcSchemas.GrpcSelfInfoPayload,80,0,0,0,13,0,23,0,23,0
report/wechaty-puppet-padplus_2.12,wechaty.padplus.schemas,ModelEvent.RoomJoinEvent,31,0,0,0,6,0,9,0,9,0
report/wechaty-puppet-padplus_2.12,wechaty.padplus.schemas,ModelRoom.PadplusMemberBrief,17,0,0,0,4,0,5,0,5,0
report/wechaty-puppet-padplus_2.12,wechaty.padplus.schemas,ModelContact.,8,0,0,0,2,0,2,0,2,0
report/wechaty-puppet-padplus_2.12,wechaty.padplus.schemas,GrpcSchemas.GrpcSelfAvatarPayload,52,0,0,0,9,0,15,0,15,0
report/wechaty-puppet-padplus_2.12,wechaty.padplus.schemas,ModelContact.GrpcDeleteContact,45,0,0,0,8,0,13,0,13,0
report/wechaty-puppet-padplus_2.12,wechaty.padplus.schemas,ModelContact.GrpcSearchContact,59,0,0,0,10,0,17,0,17,0
report/wechaty-puppet-padplus_2.12,wechaty.padplus.schemas,ModelMessage.PadplusMessageSource,31,0,0,0,6,0,9,0,9,0
report/wechaty-puppet-padplus_2.12,wechaty.padplus.schemas,GrpcSchemas.GRPC_CODE.,144,0,0,0,18,0,19,0,19,0
report/wechaty-puppet-padplus_2.12,wechaty.padplus.schemas,GrpcSchemas.GrpcCreateRoomPayload,17,0,0,0,4,0,5,0,5,0
report/wechaty-puppet-padplus_2.12,wechaty.padplus.schemas,PadplusEnums.CheckQRCodeStatus.,64,0,0,0,8,0,9,0,9,0
report/wechaty-puppet-padplus_2.12,wechaty.padplus.schemas,PadplusEnums.PadplusStatus.,16,0,0,0,2,0,3,0,3,0
report/wechaty-puppet-padplus_2.12,wechaty.padplus.schemas,ModelMessage.VideoContent,38,0,0,0,7,0,11,0,11,0
report/wechaty-puppet-padplus_2.12,wechaty.padplus.schemas,ModelMessage.PadplusUrlLink,31,0,0,0,6,0,9,0,9,0
report/wechaty-puppet-padplus_2.12,wechaty.padplus.schemas,ModelMessage.PadplusRichMediaData,73,0,0,0,12,0,21,0,21,0
report/wechaty-puppet-padplus_2.12,wechaty.padplus.schemas,ModelMessage.PadplusMediaData,38,0,0,0,7,0,11,0,11,0
report/wechaty-puppet-padplus_2.12,wechaty.padplus.schemas,ModelContact.GetContactSelfInfoGrpcResponse,0,143,0,0,0,22,0,41,0,41
report/wechaty-puppet-padplus_2.12,wechaty.padplus.schemas,ModelMessage.GrpcResponseMessageData,24,0,0,0,5,0,7,0,7,0
report/wechaty-puppet-padplus_2.12,wechaty.padplus.schemas,ModelRoom.GrpcSetAnnouncementData,24,0,0,0,5,0,7,0,7,0
report/wechaty-puppet-padplus_2.12,wechaty.padplus.schemas,ModelRoom.GrpcRoomMemberPayload,52,0,0,0,9,0,15,0,15,0
report/wechaty-puppet-padplus_2.12,wechaty.padplus.schemas,ModelMessage.MiniProgramParamsPayload,122,0,0,0,19,0,35,0,35,0
report/wechaty-puppet-padplus_2.12,wechaty.padplus.schemas,ModelRoom.PadplusRoomMemberPayload,45,0,0,0,8,0,13,0,13,0
report/wechaty-puppet-padplus_2.12,wechaty.padplus.schemas,PadplusEnums.MessageSendType.,24,0,0,0,3,0,4,0,4,0
report/wechaty-puppet-padplus_2.12,wechaty.padplus.schemas,PadplusEnums.CDNFileMd5Exist.,24,0,0,0,3,0,4,0,4,0
report/wechaty-puppet-padplus_2.12,wechaty.padplus.schemas,ModelMessage.PadplusRecallData.BaseResponse,24,0,2,0,4,0,6,0,5,0
report/wechaty-puppet-padplus_2.12,wechaty.padplus.internal,LocalStore,20,106,1,3,3,17,3,12,2,11
report/wechaty-puppet-padplus_2.12,wechaty.padplus.support,GrpcEventSupport,58,107,9,5,3,17,8,6,2,5
report/wechaty-puppet-padplus_2.12,wechaty.padplus.support,ContactRawSupport,156,263,36,6,14,49,27,9,6,9
report/wechaty-puppet-padplus_2.12,wechaty.padplus.support,LocalStoreSupport,122,114,2,2,11,14,11,8,9,8
report/wechaty-puppet-padplus_2.12,wechaty.padplus.support,GrpcSupport..anon.new StreamObserver() {...},15,25,1,1,1,6,2,3,1,3
report/wechaty-puppet-padplus_2.12,wechaty.padplus.support,PadplusHelper,311,31,88,2,23,5,49,3,4,3
report/wechaty-puppet-padplus_2.12,wechaty.padplus.support,CallbackHelper,82,0,0,0,0,0,19,0,19,0
report/wechaty-puppet-padplus_2.12,wechaty.padplus.support,RoomMemberRawSupport..anonfun.roomMemberPartialFunction.new Serializable() {...},129,0,6,0,13,0,8,0,5,0
report/wechaty-puppet-padplus_2.12,wechaty.padplus.support,MessageRawSupport..typecreator1.new TypeCreator() {...},0,51,0,0,0,1,0,2,0,2
report/wechaty-puppet-padplus_2.12,wechaty.padplus.support,ContactSelfRawSupport..typecreator1.new TypeCreator() {...},51,0,0,0,1,0,2,0,2,0
report/wechaty-puppet-padplus_2.12,wechaty.padplus.support,RoomRawSupport,97,1,0,0,26,1,11,1,11,1
report/wechaty-puppet-padplus_2.12,wechaty.padplus.support,GrpcSupport..typecreator2.new TypeCreator() {...},0,14,0,0,0,1,0,2,0,2
report/wechaty-puppet-padplus_2.12,wechaty.padplus.support,ContactRawSupport..anonfun.loginPartialFunction.new Serializable() {...},473,120,38,10,53,18,27,3,3,3
report/wechaty-puppet-padplus_2.12,wechaty.padplus.support,GrpcSupport..typecreator1.new TypeCreator() {...},0,70,0,0,0,1,0,2,0,2
report/wechaty-puppet-padplus_2.12,wechaty.padplus.support,GrpcSupport..typecreator1.new TypeCreator() {...},14,0,0,0,1,0,2,0,2,0
report/wechaty-puppet-padplus_2.12,wechaty.padplus.support,DisrutporSupport,1,82,1,1,0,15,1,5,0,5
report/wechaty-puppet-padplus_2.12,wechaty.padplus.support,MessageRawSupport..anonfun.messagePartialFunction.new Serializable() {...},68,11,5,1,7,1,5,1,2,1
report/wechaty-puppet-padplus_2.12,wechaty.padplus.support,CallbackHelper.,338,312,35,17,27,31,42,26,20,22
report/wechaty-puppet-padplus_2.12,wechaty.padplus.support,RoomMemberRawSupport..typecreator1.new TypeCreator() {...},51,0,0,0,1,0,2,0,2,0
report/wechaty-puppet-padplus_2.12,wechaty.padplus.support,RoomMemberRawSupport,193,0,2,0,31,0,12,0,11,0
report/wechaty-puppet-padplus_2.12,wechaty.padplus.support,DisrutporSupport.EventDef,2,22,1,1,0,4,1,5,0,5
report/wechaty-puppet-padplus_2.12,wechaty.padplus.support,ContactSelfRawSupport,128,1,0,0,24,1,7,1,7,1
report/wechaty-puppet-padplus_2.12,wechaty.padplus.support,ContactRawSupport..typecreator1.new TypeCreator() {...},0,51,0,0,0,1,0,2,0,2
report/wechaty-puppet-padplus_2.12,wechaty.padplus.support,DisrutporSupport..anon.new EventHandler() {...},3,40,2,2,0,3,2,2,0,2
report/wechaty-puppet-padplus_2.12,wechaty.padplus.support,DisrutporSupport..anon.new EventFactory() {...},2,14,1,1,0,2,1,2,0,2
report/wechaty-puppet-padplus_2.12,wechaty.padplus.support,DisrutporSupport..anon.new ExceptionHandler() {...},46,8,5,1,3,1,6,1,3,1
report/wechaty-puppet-padplus_2.12,wechaty.padplus.support,MessageRawSupport,229,182,31,1,41,33,28,5,12,5
report/wechaty-puppet-padplus_2.12,wechaty.padplus.support,GrpcSupport,256,623,30,28,25,83,29,22,5,17
report/wechaty-puppet-padplus_2.12,wechaty.padplus,Configuration,6,0,0,0,0,0,2,0,2,0
report/wechaty-puppet-padplus_2.12,wechaty.padplus,PuppetPadplus..anonfun.sysPartialFunction.new Serializable() {...},17,33,3,3,0,3,3,3,1,2
report/wechaty-puppet-padplus_2.12,wechaty.padplus,PuppetPadplus.,10,0,0,0,1,0,3,0,3,0
report/wechaty-puppet-padplus_2.12,wechaty.padplus,PuppetPadplus,363,482,4,6,20,18,98,91,94,90
report/wechaty-puppet-padplus_2.12,wechaty.padplus,TestMain,4,0,0,0,0,0,1,0,1,0
report/wechaty-puppet-padplus_2.12,wechaty.padplus,TestMain.,71,0,4,0,9,0,7,0,5,0
report/wechaty-puppet-padplus_2.12,wechaty.padplus,Configuration.,116,0,12,0,10,0,12,0,6,0
report/wechaty-puppet-padplus_2.12,wechaty.padplus.grpc,PadPlusServerOuterClass.ResponseObject,239,185,30,17,65,60,42,19,22,15
report/wechaty-puppet-padplus_2.12,wechaty.padplus.grpc,PadPlusServerGrpc,49,91,6,6,16,32,7,5,3,3
report/wechaty-puppet-padplus_2.12,wechaty.padplus.grpc,PadPlusServerOuterClass.InitConfig.new AbstractParser() {...},0,10,0,0,0,2,0,2,0,2
report/wechaty-puppet-padplus_2.12,wechaty.padplus.grpc,PadPlusServerOuterClass.ResponseObject.new AbstractParser() {...},0,10,0,0,0,2,0,2,0,2
report/wechaty-puppet-padplus_2.12,wechaty.padplus.grpc,PadPlusServerOuterClass,4,119,0,0,3,13,2,2,2,2
report/wechaty-puppet-padplus_2.12,wechaty.padplus.grpc,PadPlusServerOuterClass.ApiType,80,421,33,4,36,49,35,10,3,7
report/wechaty-puppet-padplus_2.12,wechaty.padplus.grpc,PadPlusServerOuterClass.InitConfig.Builder,241,66,24,4,71,23,37,5,23,5
report/wechaty-puppet-padplus_2.12,wechaty.padplus.grpc,PadPlusServerGrpc.MethodHandlers,38,0,3,0,13,0,5,0,3,0
report/wechaty-puppet-padplus_2.12,wechaty.padplus.grpc,PadPlusServerGrpc.PadPlusServerBaseDescriptorSupplier,7,3,0,0,2,1,2,1,2,1
report/wechaty-puppet-padplus_2.12,wechaty.padplus.grpc,PadPlusServerOuterClass.RequestObject,501,524,89,63,131,147,81,49,26,25
report/wechaty-puppet-padplus_2.12,wechaty.padplus.grpc,PadPlusServerOuterClass.ApiType.new Internal.EnumLiteMap() {...},3,3,0,0,1,1,1,1,1,1
report/wechaty-puppet-padplus_2.12,wechaty.padplus.grpc,PadPlusServerGrpc.PadPlusServerMethodDescriptorSupplier,6,6,0,0,1,3,1,1,1,1
report/wechaty-puppet-padplus_2.12,wechaty.padplus.grpc,PadPlusServerOuterClass.StreamResponse,530,372,90,41,138,108,84,32,26,22
report/wechaty-puppet-padplus_2.12,wechaty.padplus.grpc,PadPlusServerOuterClass.StreamResponse.Builder,682,153,77,11,196,47,86,8,43,7
report/wechaty-puppet-padplus_2.12,wechaty.padplus.grpc,PadPlusServerGrpc.PadPlusServerImplBase,31,0,0,0,13,0,4,0,4,0
report/wechaty-puppet-padplus_2.12,wechaty.padplus.grpc,PadPlusServerGrpc.PadPlusServerStub,16,15,0,0,4,5,2,2,2,2
report/wechaty-puppet-padplus_2.12,wechaty.padplus.grpc,PadPlusServerOuterClass.ResponseType,72,377,29,4,32,45,31,10,3,7
report/wechaty-puppet-padplus_2.12,wechaty.padplus.grpc,PadPlusServerOuterClass.RequestObject.new AbstractParser() {...},0,10,0,0,0,2,0,2,0,2
report/wechaty-puppet-padplus_2.12,wechaty.padplus.grpc,PadPlusServerOuterClass.StreamResponse.new AbstractParser() {...},0,10,0,0,0,2,0,2,0,2
report/wechaty-puppet-padplus_2.12,wechaty.padplus.grpc,PadPlusServerGrpc.PadPlusServerFileDescriptorSupplier,3,0,0,0,1,0,1,0,1,0
report/wechaty-puppet-padplus_2.12,wechaty.padplus.grpc,PadPlusServerOuterClass.ResponseObject.Builder,241,66,24,4,71,23,37,5,23,5
report/wechaty-puppet-padplus_2.12,wechaty.padplus.grpc,PadPlusServerOuterClass.ResponseType.new Internal.EnumLiteMap() {...},3,3,0,0,1,1,1,1,1,1
report/wechaty-puppet-padplus_2.12,wechaty.padplus.grpc,PadPlusServerGrpc.PadPlusServerBlockingStub,28,0,0,0,7,0,4,0,4,0
report/wechaty-puppet-padplus_2.12,wechaty.padplus.grpc,PadPlusServerGrpc.new AbstractStub.StubFactory() {...},0,10,0,0,0,2,0,2,0,2
report/wechaty-puppet-padplus_2.12,wechaty.padplus.grpc,PadPlusServerGrpc.new AbstractStub.StubFactory() {...},10,0,0,0,2,0,2,0,2,0
report/wechaty-puppet-padplus_2.12,wechaty.padplus.grpc,PadPlusServerOuterClass.RequestObject.Builder,758,222,86,18,217,68,94,14,46,10
report/wechaty-puppet-padplus_2.12,wechaty.padplus.grpc,PadPlusServerGrpc.new AbstractStub.StubFactory() {...},10,0,0,0,2,0,2,0,2,0
report/wechaty-puppet-padplus_2.12,wechaty.padplus.grpc,PadPlusServerGrpc.PadPlusServerFutureStub,20,0,0,0,5,0,3,0,3,0
report/wechaty-puppet-padplus_2.12,wechaty.padplus.grpc,PadPlusServerOuterClass.InitConfig,242,182,31,16,66,59,43,18,22,15
report/wechaty_2.12,wechaty,DingDongPadplusBot.,134,0,2,0,22,0,7,0,6,0
report/wechaty_2.12,wechaty,Wechaty..anon.new Runnable() {...},3,28,2,2,0,3,2,2,0,2
report/wechaty_2.12,wechaty,DingDongBot.,96,0,0,0,11,0,5,0,5,0
report/wechaty_2.12,wechaty,DingDongPadplusBot,4,0,0,0,0,0,1,0,1,0
report/wechaty_2.12,wechaty,DingDongBot,4,0,0,0,0,0,1,0,1,0
report/wechaty_2.12,wechaty,Wechaty.,5,33,3,3,0,6,3,5,0,5
report/wechaty_2.12,wechaty,Wechaty,75,374,5,5,7,34,8,28,4,27
report/wechaty_2.12,wechaty,WechatyOptions,18,25,0,0,0,6,5,4,5,4
report/wechaty_2.12,wechaty,JavaDingDongBot,83,0,2,0,16,0,6,0,5,0
report/wechaty_2.12,wechaty.helper,ImplicitHelper.,108,115,0,0,6,10,13,20,13,20
report/wechaty_2.12,wechaty.user,Tag,3,0,0,0,2,0,1,0,1,0
report/wechaty_2.12,wechaty.user,Friendship,32,69,2,2,4,14,4,8,2,8
report/wechaty_2.12,wechaty.user,Room.,66,338,8,6,10,34,10,21,4,20
report/wechaty_2.12,wechaty.user,UrlLink,9,0,0,0,2,0,2,0,2,0
report/wechaty_2.12,wechaty.user,Friendship.,15,0,0,0,3,0,3,0,3,0
report/wechaty_2.12,wechaty.user,Image.,8,0,0,0,2,0,2,0,2,0
report/wechaty_2.12,wechaty.user,Contact,236,103,46,6,33,19,42,7,16,7
report/wechaty_2.12,wechaty.user,RoomInvitation,7,16,0,0,1,3,1,2,1,2
report/wechaty_2.12,wechaty.user,Image,58,55,6,2,3,6,9,4,5,4
report/wechaty_2.12,wechaty.user,MiniProgram,37,0,0,0,9,0,9,0,9,0
report/wechaty_2.12,wechaty.user,Image.Msg,4,6,0,0,0,3,1,2,1,2
report/wechaty_2.12,wechaty.user,Conversation,51,34,0,0,4,3,4,3,4,3
report/wechaty_2.12,wechaty.user,Message,527,370,85,23,64,47,72,25,21,22
report/wechaty_2.12,wechaty.user,Image.CdnImage,106,9,0,0,14,4,30,3,30,3
report/wechaty_2.12,wechaty.user,Room,441,161,33,3,33,16,52,14,34,14
report/wechaty_2.12,wechaty.user,ContactSelf,0,5,0,0,0,1,0,1,0,1
report/wechaty_2.12,wechaty.plugins,FriendshipAcceptor.,10,0,0,0,1,0,3,0,3,0
report/wechaty_2.12,wechaty.plugins,PluginHelper.,82,39,8,0,2,5,6,5,2,5
report/wechaty_2.12,wechaty.plugins,RoomJoinHelloConfig,131,17,21,0,0,1,31,3,20,3
report/wechaty_2.12,wechaty.plugins,RoomConnector,19,266,11,15,1,24,12,18,2,15
report/wechaty_2.12,wechaty.plugins,RoomInvitationAcceptor,2,77,3,5,0,6,3,8,0,7
report/wechaty_2.12,wechaty.plugins,FriendshipAcceptorConfig,179,31,28,0,0,1,38,6,23,6
report/wechaty_2.12,wechaty.plugins,RoomJoinHello,12,178,7,11,0,14,8,12,1,10
report/wechaty_2.12,wechaty.plugins,RoomConnectorConfig,202,43,38,0,0,6,48,8,27,8
report/wechaty_2.12,wechaty.plugins,RoomConnector.,7,14,0,0,0,3,2,3,2,3
report/wechaty_2.12,wechaty.plugins,RoomInvitationAcceptorConfig,67,0,6,0,1,0,15,0,12,0
report/wechaty_2.12,wechaty.plugins,RoomJoinHelloConfig.,53,0,2,0,1,0,11,0,10,0
report/wechaty_2.12,wechaty.plugins,RoomInvitationAcceptorConfig.,22,0,2,0,1,0,7,0,6,0
report/wechaty_2.12,wechaty.plugins,FriendshipAcceptorConfig.,35,14,2,0,0,1,8,5,7,5
report/wechaty_2.12,wechaty.plugins,DingDongConfig.,48,18,2,0,0,6,10,7,9,7
report/wechaty_2.12,wechaty.plugins,FriendshipAcceptor,36,147,7,11,3,21,7,11,1,8
report/wechaty_2.12,wechaty.plugins,RoomJoinHello.,10,0,0,0,1,0,3,0,3,0
report/wechaty_2.12,wechaty.plugins,DingDongConfig,236,51,38,0,0,6,50,10,29,10
report/wechaty_2.12,wechaty.plugins,DingDongPlugin,58,145,18,16,6,21,16,11,3,7
report/wechaty_2.12,wechaty.plugins,DingDongPlugin.,10,0,0,0,1,0,3,0,3,0
report/wechaty_2.12,wechaty.plugins,RoomConnectorConfig.,59,21,2,0,0,4,14,7,13,7
